#
# A fatal error has been detected by the Java Runtime Environment:
#
#  EXCEPTION_ACCESS_VIOLATION (0xc0000005) at pc=0x0000000073fc8fc6, pid=6976, tid=15344
#
# JRE version: Java(TM) SE Runtime Environment (10.0.2+13) (build 10.0.2+13)
# Java VM: Java HotSpot(TM) 64-Bit Server VM (10.0.2+13, mixed mode, tiered, compressed oops, g1 gc, windows-amd64)
# Problematic frame:
# V  [jvm.dll+0x628fc6]
#
# No core dump will be written. Minidumps are not enabled by default on client versions of Windows
#
# If you would like to submit a bug report, please visit:
#   http://bugreport.java.com/bugreport/crash.jsp
#

---------------  S U M M A R Y ------------

Command Line: -Dcom.sun.management.jmxremote -Dcom.sun.management.jmxremote.port=51442 -Dcom.sun.management.jmxremote.authenticate=false -Dcom.sun.management.jmxremote.ssl=false -Djava.rmi.server.hostname=localhost -Dspring.liveBeansView.mbeanDomain -Dspring.application.admin.enabled=true -Xverify:none -XX:TieredStopAtLevel=1 -Dfile.encoding=Cp1252 com.mphasis.ams.login.LoginApplication --spring.output.ansi.enabled=always

Host: Intel(R) Core(TM) i7-3632QM CPU @ 2.20GHz, 8 cores, 7G,  Windows 10 , 64 bit Build 17134 (10.0.17134.1)
Time: Tue Dec 11 15:33:24 2018 Eastern Standard Time elapsed time: 1 seconds (0d 0h 0m 1s)

---------------  T H R E A D  ---------------

Current thread (0x0000025f68ebd800):  WatcherThread [stack: 0x000000d68f000000,0x000000d68f100000] [id=15344]

Stack: [0x000000d68f000000,0x000000d68f100000],  sp=0x000000d68f0ff5c0,  free space=1021k
Native frames: (J=compiled Java code, j=interpreted, Vv=VM code, C=native code)
V  [jvm.dll+0x628fc6]
V  [jvm.dll+0x66834d]
V  [jvm.dll+0x68ad26]
V  [jvm.dll+0x59f4b0]
C  [msvcr120.dll+0x24f7f]
C  [msvcr120.dll+0x25126]
C  [KERNEL32.DLL+0x13034]
C  [ntdll.dll+0x73691]


siginfo: EXCEPTION_ACCESS_VIOLATION (0xc0000005), reading address 0x0000000c0000000b


Register to memory mapping:

RIP=0x0000000073fc8fc6 jvm.dll
RAX=0x0000000c0000000b is an unknown value
RBX=0x0000000000000000 is an unknown value
RCX=0x0000025f68ea6e50 is an unknown value
RDX=0x0000000000000032 is an unknown value
RSP=0x000000d68f0ff5c0 is an unknown value
RBP=0x0000000000000002 is an unknown value
RSI=0x0000025f68da2620 is an unknown value
RDI=0x0000000000000001 is an unknown value
R8 =0x0000000000000000 is an unknown value
R9 =0x00000371691bf05f is an unknown value
R10=0x0000000000000000 is an unknown value
R11=0x0000000000000246 is an unknown value
R12=0x0000000000000000 is an unknown value
R13=0x0000000000000000 is an unknown value
R14=0x0000000000000032 is an unknown value
R15=0x0000000000000000 is an unknown value


Registers:
RAX=0x0000000c0000000b, RBX=0x0000000000000000, RCX=0x0000025f68ea6e50, RDX=0x0000000000000032
RSP=0x000000d68f0ff5c0, RBP=0x0000000000000002, RSI=0x0000025f68da2620, RDI=0x0000000000000001
R8 =0x0000000000000000, R9 =0x00000371691bf05f, R10=0x0000000000000000, R11=0x0000000000000246
R12=0x0000000000000000, R13=0x0000000000000000, R14=0x0000000000000032, R15=0x0000000000000000
RIP=0x0000000073fc8fc6, EFLAGS=0x0000000000010246

Top of Stack: (sp=0x000000d68f0ff5c0)
0x000000d68f0ff5c0:   0000000000000032 0000025f68ebd800
0x000000d68f0ff5d0:   0000025f674e2d60 000000d68f0ff840
0x000000d68f0ff5e0:   000000007435c238 000000007400834d
0x000000d68f0ff5f0:   0000025f495d9820 0000025f495d9820
0x000000d68f0ff600:   0000000000000000 0000000000000000
0x000000d68f0ff610:   0000000000000000 0000000000000000
0x000000d68f0ff620:   0000000000000032 000000007402ad26
0x000000d68f0ff630:   000000d68f0ff840 0000025f674e2d60
0x000000d68f0ff640:   0000025f68ebd800 0000000000000000
0x000000d68f0ff650:   0000000000000000 0000000000000000
0x000000d68f0ff660:   0000000000000000 0000000000000000
0x000000d68f0ff670:   0000000000000000 0000000000000000
0x000000d68f0ff680:   0000000000000000 0000000000000000
0x000000d68f0ff690:   00000000000075a3 0000000073f3f4b0
0x000000d68f0ff6a0:   0000025f68ebd800 0000025f674e2d60
0x000000d68f0ff6b0:   0000000000000000 0000000000000000 

Instructions: (pc=0x0000000073fc8fc6)
0x0000000073fc8fa6:   cc cc cc cc cc cc cc cc cc cc 48 89 5c 24 10 56
0x0000000073fc8fb6:   48 83 ec 20 48 8b 35 d7 e2 38 00 33 db 48 8b 06
0x0000000073fc8fc6:   39 18 7e 27 48 89 7c 24 30 8b fb 48 8b 40 18 48
0x0000000073fc8fd6:   8b 0c 07 48 8b 01 ff 50 08 48 8b 06 ff c3 48 8d 



---------------  P R O C E S S  ---------------

Threads class SMR info:
_java_thread_list=0x0000025f68ea6d30, length=15, elements={
0x0000025f495db800, 0x0000025f6765d000, 0x0000025f6765d800, 0x0000025f67e69800,
0x0000025f67e73000, 0x0000025f67e74000, 0x0000025f67e75000, 0x0000025f67e77800,
0x0000025f67e83800, 0x0000025f67e8a800, 0x0000025f680b2000, 0x0000025f680b3000,
0x0000025f680b3800, 0x0000025f680ae000, 0x0000025f680b4800
}

Java Threads: ( => current thread )
  0x0000025f495db800 JavaThread "main" [_thread_in_vm, id=9720, stack(0x000000d68cc00000,0x000000d68cd00000)]
  0x0000025f6765d000 JavaThread "Reference Handler" daemon [_thread_blocked, id=6424, stack(0x000000d68e200000,0x000000d68e300000)]
  0x0000025f6765d800 JavaThread "Finalizer" daemon [_thread_blocked, id=4684, stack(0x000000d68e300000,0x000000d68e400000)]
  0x0000025f67e69800 JavaThread "Signal Dispatcher" daemon [_thread_blocked, id=9928, stack(0x000000d68e400000,0x000000d68e500000)]
  0x0000025f67e73000 JavaThread "Attach Listener" daemon [_thread_blocked, id=14556, stack(0x000000d68e500000,0x000000d68e600000)]
  0x0000025f67e74000 JavaThread "C1 CompilerThread0" daemon [_thread_blocked, id=1584, stack(0x000000d68e600000,0x000000d68e700000)]
  0x0000025f67e75000 JavaThread "C1 CompilerThread1" daemon [_thread_blocked, id=15304, stack(0x000000d68e700000,0x000000d68e800000)]
  0x0000025f67e77800 JavaThread "C1 CompilerThread2" daemon [_thread_blocked, id=9512, stack(0x000000d68e800000,0x000000d68e900000)]
  0x0000025f67e83800 JavaThread "C1 CompilerThread3" daemon [_thread_blocked, id=6328, stack(0x000000d68e900000,0x000000d68ea00000)]
  0x0000025f67e8a800 JavaThread "Sweeper thread" daemon [_thread_blocked, id=10144, stack(0x000000d68ea00000,0x000000d68eb00000)]
  0x0000025f680b2000 JavaThread "Service Thread" daemon [_thread_blocked, id=6808, stack(0x000000d68eb00000,0x000000d68ec00000)]
  0x0000025f680b3000 JavaThread "Common-Cleaner" daemon [_thread_blocked, id=3964, stack(0x000000d68ec00000,0x000000d68ed00000)]
  0x0000025f680b3800 JavaThread "RMI TCP Accept-0" daemon [_thread_in_native, id=12040, stack(0x000000d68ed00000,0x000000d68ee00000)]
  0x0000025f680ae000 JavaThread "RMI TCP Accept-51442" daemon [_thread_in_native, id=1800, stack(0x000000d68ee00000,0x000000d68ef00000)]
  0x0000025f680b4800 JavaThread "RMI TCP Accept-0" daemon [_thread_in_native, id=4744, stack(0x000000d68ef00000,0x000000d68f000000)]

Other Threads:
  0x0000025f67653000 VMThread "VM Thread" [stack: 0x000000d68e100000,0x000000d68e200000] [id=3584]
=>0x0000025f68ebd800 WatcherThread [stack: 0x000000d68f000000,0x000000d68f100000] [id=15344]
  0x0000025f495f5800 GCTaskThread "GC Thread#0" [stack: 0x000000d68cd00000,0x000000d68ce00000] [id=11884]
  0x0000025f495f7800 GCTaskThread "GC Thread#1" [stack: 0x000000d68ce00000,0x000000d68cf00000] [id=11776]
  0x0000025f495fa800 GCTaskThread "GC Thread#2" [stack: 0x000000d68cf00000,0x000000d68d000000] [id=13360]
  0x0000025f495ff800 GCTaskThread "GC Thread#3" [stack: 0x000000d68d000000,0x000000d68d100000] [id=6768]
  0x0000025f49603800 GCTaskThread "GC Thread#4" [stack: 0x000000d68d100000,0x000000d68d200000] [id=8556]
  0x0000025f49601000 GCTaskThread "GC Thread#5" [stack: 0x000000d68d200000,0x000000d68d300000] [id=8292]
  0x0000025f49602800 GCTaskThread "GC Thread#6" [stack: 0x000000d68d300000,0x000000d68d400000] [id=9284]
  0x0000025f49604800 GCTaskThread "GC Thread#7" [stack: 0x000000d68d400000,0x000000d68d500000] [id=8904]
  0x0000025f49686000 ConcurrentGCThread "G1 Main Marker" [stack: 0x000000d68d500000,0x000000d68d600000] [id=14616]
  0x0000025f495fd800 ConcurrentGCThread "G1 Conc#0" [stack: 0x000000d68d600000,0x000000d68d700000] [id=10984]
  0x0000025f495fe800 ConcurrentGCThread "G1 Conc#1" [stack: 0x000000d68d700000,0x000000d68d800000] [id=13988]
  0x0000025f4969e000 ConcurrentGCThread "G1 Refine#0" [stack: 0x000000d68d800000,0x000000d68d900000] [id=14440]
  0x0000025f674c6800 ConcurrentGCThread "G1 Refine#1" [stack: 0x000000d68d900000,0x000000d68da00000] [id=10128]
  0x0000025f674cf800 ConcurrentGCThread "G1 Refine#2" [stack: 0x000000d68da00000,0x000000d68db00000] [id=12832]
  0x0000025f674d0000 ConcurrentGCThread "G1 Refine#3" [stack: 0x000000d68db00000,0x000000d68dc00000] [id=11448]
  0x0000025f674d8800 ConcurrentGCThread "G1 Refine#4" [stack: 0x000000d68dc00000,0x000000d68dd00000] [id=14100]
  0x0000025f674d9800 ConcurrentGCThread "G1 Refine#5" [stack: 0x000000d68dd00000,0x000000d68de00000] [id=2192]
  0x0000025f674e4000 ConcurrentGCThread "G1 Refine#6" [stack: 0x000000d68de00000,0x000000d68df00000] [id=884]
  0x0000025f674ec800 ConcurrentGCThread "G1 Refine#7" [stack: 0x000000d68df00000,0x000000d68e000000] [id=4720]
  0x0000025f674ed800 ConcurrentGCThread "G1 Young RemSet Sampling" [stack: 0x000000d68e000000,0x000000d68e100000] [id=1060]

Threads with active compile tasks:

VM state:not at safepoint (normal execution)

VM Mutex/Monitor currently owned by a thread:  ([mutex/lock_event])
[0x0000025f495d9820] PeriodicTask_lock - owner thread: 0x0000025f68ebd800

Heap address: 0x0000000081a00000, size: 2022 MB, Compressed Oops mode: 32-bit
Narrow klass base: 0x0000000000000000, Narrow klass shift: 3
Compressed class space size: 1073741824 Address: 0x0000000100000000

Heap:
 garbage-first heap   total 131072K, used 19954K [0x0000000081a00000, 0x0000000100000000)
  region size 1024K, 11 young (11264K), 3 survivors (3072K)
 Metaspace       used 11815K, capacity 12131K, committed 12288K, reserved 1060864K
  class space    used 1345K, capacity 1511K, committed 1536K, reserved 1048576K
Heap Regions: E=young(eden), S=young(survivor), O=old, HS=humongous(starts), HC=humongous(continues), CS=collection set, F=free, A=archive, TS=gc time stamp, AC=allocation context, TAMS=top-at-mark-start (previous, next)
|   0|0x0000000081a00000, 0x0000000081b00000, 0x0000000081b00000|100%| O|  |TS  1|AC  0|TAMS 0x0000000081a00000, 0x0000000081a00000|
|   1|0x0000000081b00000, 0x0000000081c00000, 0x0000000081c00000|100%| O|  |TS  1|AC  0|TAMS 0x0000000081b00000, 0x0000000081b00000|
|   2|0x0000000081c00000, 0x0000000081d00000, 0x0000000081d00000|100%| O|  |TS  1|AC  0|TAMS 0x0000000081c00000, 0x0000000081c00000|
|   3|0x0000000081d00000, 0x0000000081e00000, 0x0000000081e00000|100%| O|  |TS  1|AC  0|TAMS 0x0000000081d00000, 0x0000000081d00000|
|   4|0x0000000081e00000, 0x0000000081f00000, 0x0000000081f00000|100%| O|  |TS  1|AC  0|TAMS 0x0000000081e00000, 0x0000000081e00000|
|   5|0x0000000081f00000, 0x0000000082000000, 0x0000000082000000|100%| O|  |TS  1|AC  0|TAMS 0x0000000081f00000, 0x0000000081f00000|
|   6|0x0000000082000000, 0x0000000082100000, 0x0000000082100000|100%| O|  |TS  1|AC  0|TAMS 0x0000000082000000, 0x0000000082000000|
|   7|0x0000000082100000, 0x0000000082200000, 0x0000000082200000|100%| O|  |TS  1|AC  0|TAMS 0x0000000082100000, 0x0000000082100000|
|   8|0x0000000082200000, 0x0000000082300000, 0x0000000082300000|100%| O|  |TS  1|AC  0|TAMS 0x0000000082200000, 0x0000000082200000|
|   9|0x0000000082300000, 0x000000008237ca00, 0x0000000082400000| 48%| O|  |TS  1|AC  0|TAMS 0x0000000082300000, 0x0000000082300000|
|  10|0x0000000082400000, 0x0000000082400000, 0x0000000082500000|  0%| F|  |TS  0|AC  0|TAMS 0x0000000082400000, 0x0000000082400000|
|  11|0x0000000082500000, 0x0000000082500000, 0x0000000082600000|  0%| F|  |TS  0|AC  0|TAMS 0x0000000082500000, 0x0000000082500000|
|  12|0x0000000082600000, 0x0000000082600000, 0x0000000082700000|  0%| F|  |TS  0|AC  0|TAMS 0x0000000082600000, 0x0000000082600000|
|  13|0x0000000082700000, 0x0000000082700000, 0x0000000082800000|  0%| F|  |TS  0|AC  0|TAMS 0x0000000082700000, 0x0000000082700000|
|  14|0x0000000082800000, 0x0000000082800000, 0x0000000082900000|  0%| F|  |TS  0|AC  0|TAMS 0x0000000082800000, 0x0000000082800000|
|  15|0x0000000082900000, 0x0000000082900000, 0x0000000082a00000|  0%| F|  |TS  0|AC  0|TAMS 0x0000000082900000, 0x0000000082900000|
|  16|0x0000000082a00000, 0x0000000082a00000, 0x0000000082b00000|  0%| F|  |TS  0|AC  0|TAMS 0x0000000082a00000, 0x0000000082a00000|
|  17|0x0000000082b00000, 0x0000000082b00000, 0x0000000082c00000|  0%| F|  |TS  0|AC  0|TAMS 0x0000000082b00000, 0x0000000082b00000|
|  18|0x0000000082c00000, 0x0000000082c00000, 0x0000000082d00000|  0%| F|  |TS  0|AC  0|TAMS 0x0000000082c00000, 0x0000000082c00000|
|  19|0x0000000082d00000, 0x0000000082d00000, 0x0000000082e00000|  0%| F|  |TS  0|AC  0|TAMS 0x0000000082d00000, 0x0000000082d00000|
|  20|0x0000000082e00000, 0x0000000082e00000, 0x0000000082f00000|  0%| F|  |TS  0|AC  0|TAMS 0x0000000082e00000, 0x0000000082e00000|
|  21|0x0000000082f00000, 0x0000000082f00000, 0x0000000083000000|  0%| F|  |TS  0|AC  0|TAMS 0x0000000082f00000, 0x0000000082f00000|
|  22|0x0000000083000000, 0x0000000083000000, 0x0000000083100000|  0%| F|  |TS  0|AC  0|TAMS 0x0000000083000000, 0x0000000083000000|
|  23|0x0000000083100000, 0x0000000083100000, 0x0000000083200000|  0%| F|  |TS  0|AC  0|TAMS 0x0000000083100000, 0x0000000083100000|
|  24|0x0000000083200000, 0x0000000083200000, 0x0000000083300000|  0%| F|  |TS  0|AC  0|TAMS 0x0000000083200000, 0x0000000083200000|
|  25|0x0000000083300000, 0x0000000083300000, 0x0000000083400000|  0%| F|  |TS  0|AC  0|TAMS 0x0000000083300000, 0x0000000083300000|
|  26|0x0000000083400000, 0x0000000083400000, 0x0000000083500000|  0%| F|  |TS  0|AC  0|TAMS 0x0000000083400000, 0x0000000083400000|
|  27|0x0000000083500000, 0x0000000083500000, 0x0000000083600000|  0%| F|  |TS  0|AC  0|TAMS 0x0000000083500000, 0x0000000083500000|
|  28|0x0000000083600000, 0x0000000083600000, 0x0000000083700000|  0%| F|  |TS  0|AC  0|TAMS 0x0000000083600000, 0x0000000083600000|
|  29|0x0000000083700000, 0x0000000083700000, 0x0000000083800000|  0%| F|  |TS  0|AC  0|TAMS 0x0000000083700000, 0x0000000083700000|
|  30|0x0000000083800000, 0x0000000083800000, 0x0000000083900000|  0%| F|  |TS  0|AC  0|TAMS 0x0000000083800000, 0x0000000083800000|
|  31|0x0000000083900000, 0x0000000083900000, 0x0000000083a00000|  0%| F|  |TS  0|AC  0|TAMS 0x0000000083900000, 0x0000000083900000|
|  32|0x0000000083a00000, 0x0000000083a00000, 0x0000000083b00000|  0%| F|  |TS  0|AC  0|TAMS 0x0000000083a00000, 0x0000000083a00000|
|  33|0x0000000083b00000, 0x0000000083b00000, 0x0000000083c00000|  0%| F|  |TS  0|AC  0|TAMS 0x0000000083b00000, 0x0000000083b00000|
|  34|0x0000000083c00000, 0x0000000083c00000, 0x0000000083d00000|  0%| F|  |TS  0|AC  0|TAMS 0x0000000083c00000, 0x0000000083c00000|
|  35|0x0000000083d00000, 0x0000000083d00000, 0x0000000083e00000|  0%| F|  |TS  0|AC  0|TAMS 0x0000000083d00000, 0x0000000083d00000|
|  36|0x0000000083e00000, 0x0000000083e00000, 0x0000000083f00000|  0%| F|  |TS  0|AC  0|TAMS 0x0000000083e00000, 0x0000000083e00000|
|  37|0x0000000083f00000, 0x0000000083f00000, 0x0000000084000000|  0%| F|  |TS  0|AC  0|TAMS 0x0000000083f00000, 0x0000000083f00000|
|  38|0x0000000084000000, 0x0000000084000000, 0x0000000084100000|  0%| F|  |TS  0|AC  0|TAMS 0x0000000084000000, 0x0000000084000000|
|  39|0x0000000084100000, 0x0000000084100000, 0x0000000084200000|  0%| F|  |TS  0|AC  0|TAMS 0x0000000084100000, 0x0000000084100000|
|  40|0x0000000084200000, 0x0000000084200000, 0x0000000084300000|  0%| F|  |TS  0|AC  0|TAMS 0x0000000084200000, 0x0000000084200000|
|  41|0x0000000084300000, 0x0000000084300000, 0x0000000084400000|  0%| F|  |TS  0|AC  0|TAMS 0x0000000084300000, 0x0000000084300000|
|  42|0x0000000084400000, 0x0000000084400000, 0x0000000084500000|  0%| F|  |TS  0|AC  0|TAMS 0x0000000084400000, 0x0000000084400000|
|  43|0x0000000084500000, 0x0000000084500000, 0x0000000084600000|  0%| F|  |TS  0|AC  0|TAMS 0x0000000084500000, 0x0000000084500000|
|  44|0x0000000084600000, 0x0000000084600000, 0x0000000084700000|  0%| F|  |TS  0|AC  0|TAMS 0x0000000084600000, 0x0000000084600000|
|  45|0x0000000084700000, 0x0000000084700000, 0x0000000084800000|  0%| F|  |TS  0|AC  0|TAMS 0x0000000084700000, 0x0000000084700000|
|  46|0x0000000084800000, 0x0000000084800000, 0x0000000084900000|  0%| F|  |TS  0|AC  0|TAMS 0x0000000084800000, 0x0000000084800000|
|  47|0x0000000084900000, 0x0000000084900000, 0x0000000084a00000|  0%| F|  |TS  0|AC  0|TAMS 0x0000000084900000, 0x0000000084900000|
|  48|0x0000000084a00000, 0x0000000084a00000, 0x0000000084b00000|  0%| F|  |TS  0|AC  0|TAMS 0x0000000084a00000, 0x0000000084a00000|
|  49|0x0000000084b00000, 0x0000000084b00000, 0x0000000084c00000|  0%| F|  |TS  0|AC  0|TAMS 0x0000000084b00000, 0x0000000084b00000|
|  50|0x0000000084c00000, 0x0000000084c00000, 0x0000000084d00000|  0%| F|  |TS  0|AC  0|TAMS 0x0000000084c00000, 0x0000000084c00000|
|  51|0x0000000084d00000, 0x0000000084d00000, 0x0000000084e00000|  0%| F|  |TS  0|AC  0|TAMS 0x0000000084d00000, 0x0000000084d00000|
|  52|0x0000000084e00000, 0x0000000084e00000, 0x0000000084f00000|  0%| F|  |TS  0|AC  0|TAMS 0x0000000084e00000, 0x0000000084e00000|
|  53|0x0000000084f00000, 0x0000000084f00000, 0x0000000085000000|  0%| F|  |TS  0|AC  0|TAMS 0x0000000084f00000, 0x0000000084f00000|
|  54|0x0000000085000000, 0x0000000085000000, 0x0000000085100000|  0%| F|  |TS  0|AC  0|TAMS 0x0000000085000000, 0x0000000085000000|
|  55|0x0000000085100000, 0x0000000085100000, 0x0000000085200000|  0%| F|  |TS  0|AC  0|TAMS 0x0000000085100000, 0x0000000085100000|
|  56|0x0000000085200000, 0x0000000085200000, 0x0000000085300000|  0%| F|  |TS  0|AC  0|TAMS 0x0000000085200000, 0x0000000085200000|
|  57|0x0000000085300000, 0x0000000085300000, 0x0000000085400000|  0%| F|  |TS  0|AC  0|TAMS 0x0000000085300000, 0x0000000085300000|
|  58|0x0000000085400000, 0x0000000085400000, 0x0000000085500000|  0%| F|  |TS  0|AC  0|TAMS 0x0000000085400000, 0x0000000085400000|
|  59|0x0000000085500000, 0x0000000085500000, 0x0000000085600000|  0%| F|  |TS  0|AC  0|TAMS 0x0000000085500000, 0x0000000085500000|
|  60|0x0000000085600000, 0x0000000085600000, 0x0000000085700000|  0%| F|  |TS  0|AC  0|TAMS 0x0000000085600000, 0x0000000085600000|
|  61|0x0000000085700000, 0x0000000085700000, 0x0000000085800000|  0%| F|  |TS  0|AC  0|TAMS 0x0000000085700000, 0x0000000085700000|
|  62|0x0000000085800000, 0x0000000085800000, 0x0000000085900000|  0%| F|  |TS  0|AC  0|TAMS 0x0000000085800000, 0x0000000085800000|
|  63|0x0000000085900000, 0x0000000085900000, 0x0000000085a00000|  0%| F|  |TS  0|AC  0|TAMS 0x0000000085900000, 0x0000000085900000|
|  64|0x0000000085a00000, 0x0000000085a00000, 0x0000000085b00000|  0%| F|  |TS  0|AC  0|TAMS 0x0000000085a00000, 0x0000000085a00000|
|  65|0x0000000085b00000, 0x0000000085b00000, 0x0000000085c00000|  0%| F|  |TS  0|AC  0|TAMS 0x0000000085b00000, 0x0000000085b00000|
|  66|0x0000000085c00000, 0x0000000085c00000, 0x0000000085d00000|  0%| F|  |TS  0|AC  0|TAMS 0x0000000085c00000, 0x0000000085c00000|
|  67|0x0000000085d00000, 0x0000000085d00000, 0x0000000085e00000|  0%| F|  |TS  0|AC  0|TAMS 0x0000000085d00000, 0x0000000085d00000|
|  68|0x0000000085e00000, 0x0000000085e00000, 0x0000000085f00000|  0%| F|  |TS  0|AC  0|TAMS 0x0000000085e00000, 0x0000000085e00000|
|  69|0x0000000085f00000, 0x0000000085f00000, 0x0000000086000000|  0%| F|  |TS  0|AC  0|TAMS 0x0000000085f00000, 0x0000000085f00000|
|  70|0x0000000086000000, 0x0000000086000000, 0x0000000086100000|  0%| F|  |TS  0|AC  0|TAMS 0x0000000086000000, 0x0000000086000000|
|  71|0x0000000086100000, 0x0000000086100000, 0x0000000086200000|  0%| F|  |TS  0|AC  0|TAMS 0x0000000086100000, 0x0000000086100000|
|  72|0x0000000086200000, 0x0000000086200000, 0x0000000086300000|  0%| F|  |TS  0|AC  0|TAMS 0x0000000086200000, 0x0000000086200000|
|  73|0x0000000086300000, 0x0000000086300000, 0x0000000086400000|  0%| F|  |TS  0|AC  0|TAMS 0x0000000086300000, 0x0000000086300000|
|  74|0x0000000086400000, 0x0000000086400000, 0x0000000086500000|  0%| F|  |TS  0|AC  0|TAMS 0x0000000086400000, 0x0000000086400000|
|  75|0x0000000086500000, 0x0000000086500000, 0x0000000086600000|  0%| F|  |TS  0|AC  0|TAMS 0x0000000086500000, 0x0000000086500000|
|  76|0x0000000086600000, 0x0000000086600000, 0x0000000086700000|  0%| F|  |TS  0|AC  0|TAMS 0x0000000086600000, 0x0000000086600000|
|  77|0x0000000086700000, 0x0000000086700000, 0x0000000086800000|  0%| F|  |TS  0|AC  0|TAMS 0x0000000086700000, 0x0000000086700000|
|  78|0x0000000086800000, 0x0000000086800000, 0x0000000086900000|  0%| F|  |TS  0|AC  0|TAMS 0x0000000086800000, 0x0000000086800000|
|  79|0x0000000086900000, 0x0000000086900000, 0x0000000086a00000|  0%| F|  |TS  0|AC  0|TAMS 0x0000000086900000, 0x0000000086900000|
|  80|0x0000000086a00000, 0x0000000086a00000, 0x0000000086b00000|  0%| F|  |TS  0|AC  0|TAMS 0x0000000086a00000, 0x0000000086a00000|
|  81|0x0000000086b00000, 0x0000000086b00000, 0x0000000086c00000|  0%| F|  |TS  0|AC  0|TAMS 0x0000000086b00000, 0x0000000086b00000|
|  82|0x0000000086c00000, 0x0000000086c00000, 0x0000000086d00000|  0%| F|  |TS  0|AC  0|TAMS 0x0000000086c00000, 0x0000000086c00000|
|  83|0x0000000086d00000, 0x0000000086d00000, 0x0000000086e00000|  0%| F|  |TS  0|AC  0|TAMS 0x0000000086d00000, 0x0000000086d00000|
|  84|0x0000000086e00000, 0x0000000086e00000, 0x0000000086f00000|  0%| F|  |TS  0|AC  0|TAMS 0x0000000086e00000, 0x0000000086e00000|
|  85|0x0000000086f00000, 0x0000000086f00000, 0x0000000087000000|  0%| F|  |TS  0|AC  0|TAMS 0x0000000086f00000, 0x0000000086f00000|
|  86|0x0000000087000000, 0x0000000087000000, 0x0000000087100000|  0%| F|  |TS  0|AC  0|TAMS 0x0000000087000000, 0x0000000087000000|
|  87|0x0000000087100000, 0x0000000087100000, 0x0000000087200000|  0%| F|  |TS  0|AC  0|TAMS 0x0000000087100000, 0x0000000087100000|
|  88|0x0000000087200000, 0x0000000087200000, 0x0000000087300000|  0%| F|  |TS  0|AC  0|TAMS 0x0000000087200000, 0x0000000087200000|
|  89|0x0000000087300000, 0x0000000087300000, 0x0000000087400000|  0%| F|  |TS  0|AC  0|TAMS 0x0000000087300000, 0x0000000087300000|
|  90|0x0000000087400000, 0x0000000087400000, 0x0000000087500000|  0%| F|  |TS  0|AC  0|TAMS 0x0000000087400000, 0x0000000087400000|
|  91|0x0000000087500000, 0x0000000087500000, 0x0000000087600000|  0%| F|  |TS  0|AC  0|TAMS 0x0000000087500000, 0x0000000087500000|
|  92|0x0000000087600000, 0x0000000087600000, 0x0000000087700000|  0%| F|  |TS  0|AC  0|TAMS 0x0000000087600000, 0x0000000087600000|
|  93|0x0000000087700000, 0x0000000087700000, 0x0000000087800000|  0%| F|  |TS  0|AC  0|TAMS 0x0000000087700000, 0x0000000087700000|
|  94|0x0000000087800000, 0x0000000087800000, 0x0000000087900000|  0%| F|  |TS  0|AC  0|TAMS 0x0000000087800000, 0x0000000087800000|
|  95|0x0000000087900000, 0x0000000087900000, 0x0000000087a00000|  0%| F|  |TS  0|AC  0|TAMS 0x0000000087900000, 0x0000000087900000|
|  96|0x0000000087a00000, 0x0000000087a00000, 0x0000000087b00000|  0%| F|  |TS  0|AC  0|TAMS 0x0000000087a00000, 0x0000000087a00000|
|  97|0x0000000087b00000, 0x0000000087b00000, 0x0000000087c00000|  0%| F|  |TS  0|AC  0|TAMS 0x0000000087b00000, 0x0000000087b00000|
|  98|0x0000000087c00000, 0x0000000087c00000, 0x0000000087d00000|  0%| F|  |TS  0|AC  0|TAMS 0x0000000087c00000, 0x0000000087c00000|
|  99|0x0000000087d00000, 0x0000000087d00000, 0x0000000087e00000|  0%| F|  |TS  0|AC  0|TAMS 0x0000000087d00000, 0x0000000087d00000|
| 100|0x0000000087e00000, 0x0000000087e00000, 0x0000000087f00000|  0%| F|  |TS  0|AC  0|TAMS 0x0000000087e00000, 0x0000000087e00000|
| 101|0x0000000087f00000, 0x0000000088000000, 0x0000000088000000|100%| S|CS|TS  1|AC  0|TAMS 0x0000000087f00000, 0x0000000087f00000|
| 102|0x0000000088000000, 0x0000000088100000, 0x0000000088100000|100%| S|CS|TS  1|AC  0|TAMS 0x0000000088000000, 0x0000000088000000|
| 103|0x0000000088100000, 0x0000000088200000, 0x0000000088200000|100%| S|CS|TS  1|AC  0|TAMS 0x0000000088100000, 0x0000000088100000|
| 104|0x0000000088200000, 0x0000000088200000, 0x0000000088300000|  0%| F|  |TS  1|AC  0|TAMS 0x0000000088200000, 0x0000000088200000|
| 105|0x0000000088300000, 0x0000000088300000, 0x0000000088400000|  0%| F|  |TS  1|AC  0|TAMS 0x0000000088300000, 0x0000000088300000|
| 106|0x0000000088400000, 0x0000000088400000, 0x0000000088500000|  0%| F|  |TS  1|AC  0|TAMS 0x0000000088400000, 0x0000000088400000|
| 107|0x0000000088500000, 0x0000000088500000, 0x0000000088600000|  0%| F|  |TS  1|AC  0|TAMS 0x0000000088500000, 0x0000000088500000|
| 108|0x0000000088600000, 0x0000000088600000, 0x0000000088700000|  0%| F|  |TS  1|AC  0|TAMS 0x0000000088600000, 0x0000000088600000|
| 109|0x0000000088700000, 0x0000000088700000, 0x0000000088800000|  0%| F|  |TS  1|AC  0|TAMS 0x0000000088700000, 0x0000000088700000|
| 110|0x0000000088800000, 0x0000000088800000, 0x0000000088900000|  0%| F|  |TS  1|AC  0|TAMS 0x0000000088800000, 0x0000000088800000|
| 111|0x0000000088900000, 0x0000000088900000, 0x0000000088a00000|  0%| F|  |TS  1|AC  0|TAMS 0x0000000088900000, 0x0000000088900000|
| 112|0x0000000088a00000, 0x0000000088a00000, 0x0000000088b00000|  0%| F|  |TS  1|AC  0|TAMS 0x0000000088a00000, 0x0000000088a00000|
| 113|0x0000000088b00000, 0x0000000088b00000, 0x0000000088c00000|  0%| F|  |TS  1|AC  0|TAMS 0x0000000088b00000, 0x0000000088b00000|
| 114|0x0000000088c00000, 0x0000000088c00000, 0x0000000088d00000|  0%| F|  |TS  1|AC  0|TAMS 0x0000000088c00000, 0x0000000088c00000|
| 115|0x0000000088d00000, 0x0000000088d00000, 0x0000000088e00000|  0%| F|  |TS  1|AC  0|TAMS 0x0000000088d00000, 0x0000000088d00000|
| 116|0x0000000088e00000, 0x0000000088e00000, 0x0000000088f00000|  0%| F|  |TS  1|AC  0|TAMS 0x0000000088e00000, 0x0000000088e00000|
| 117|0x0000000088f00000, 0x0000000088f00000, 0x0000000089000000|  0%| F|  |TS  1|AC  0|TAMS 0x0000000088f00000, 0x0000000088f00000|
| 118|0x0000000089000000, 0x0000000089000000, 0x0000000089100000|  0%| F|  |TS  1|AC  0|TAMS 0x0000000089000000, 0x0000000089000000|
| 119|0x0000000089100000, 0x00000000891ba280, 0x0000000089200000| 72%| E|  |TS  1|AC  0|TAMS 0x0000000089100000, 0x0000000089100000|
| 120|0x0000000089200000, 0x0000000089300000, 0x0000000089300000|100%| E|CS|TS  1|AC  0|TAMS 0x0000000089200000, 0x0000000089200000|
| 121|0x0000000089300000, 0x0000000089400000, 0x0000000089400000|100%| E|CS|TS  1|AC  0|TAMS 0x0000000089300000, 0x0000000089300000|
| 122|0x0000000089400000, 0x0000000089500000, 0x0000000089500000|100%| E|CS|TS  1|AC  0|TAMS 0x0000000089400000, 0x0000000089400000|
| 123|0x0000000089500000, 0x0000000089600000, 0x0000000089600000|100%| E|CS|TS  1|AC  0|TAMS 0x0000000089500000, 0x0000000089500000|
| 124|0x0000000089600000, 0x0000000089700000, 0x0000000089700000|100%| E|CS|TS  1|AC  0|TAMS 0x0000000089600000, 0x0000000089600000|
| 125|0x0000000089700000, 0x0000000089800000, 0x0000000089800000|100%| E|CS|TS  1|AC  0|TAMS 0x0000000089700000, 0x0000000089700000|
| 126|0x0000000089800000, 0x0000000089900000, 0x0000000089900000|100%| E|CS|TS  1|AC  0|TAMS 0x0000000089800000, 0x0000000089800000|
| 127|0x0000000089900000, 0x0000000089a00000, 0x0000000089a00000|100%| E|CS|TS  1|AC  0|TAMS 0x0000000089900000, 0x0000000089900000|

Card table byte_map: [0x0000025f604a0000,0x0000025f608a0000] byte_map_base: 0x0000025f60093000

Marking Bits (Prev, Next): (CMBitMap*) 0x0000025f49685320, (CMBitMap*) 0x0000025f49685358
 Prev Bits: [0x0000025f60ca0000, 0x0000025f62c38000)
 Next Bits: [0x0000025f62c40000, 0x0000025f64bd8000)

Polling page: 0x0000025f47380000

CodeHeap 'non-profiled nmethods': size=238336Kb used=1954Kb max_used=1954Kb free=236382Kb
 bounds [0x0000025f514b0000, 0x0000025f51720000, 0x0000025f5fd70000]
CodeHeap 'non-nmethods': size=7424Kb used=2788Kb max_used=2788Kb free=4635Kb
 bounds [0x0000025f50d70000, 0x0000025f51030000, 0x0000025f514b0000]
 total_blobs=1763 nmethods=1347 adapters=323
 compilation: enabled

Compilation events (10 events):
Event: 1.062 Thread 0x0000025f67e74000 nmethod 1196 0x0000025f51654310 code [0x0000025f516545c0, 0x0000025f516554f0]
Event: 1.072 Thread 0x0000025f67e77800 1201   !   1       java.lang.ref.ReferenceQueue::enqueue (119 bytes)
Event: 1.072 Thread 0x0000025f67e77800 nmethod 1201 0x0000025f51656590 code [0x0000025f51656760, 0x0000025f51656cd0]
Event: 1.073 Thread 0x0000025f67e75000 1203       1       java.util.WeakHashMap::remove (133 bytes)
Event: 1.074 Thread 0x0000025f67e75000 nmethod 1203 0x0000025f51656e90 code [0x0000025f51657080, 0x0000025f516574f0]
Event: 1.074 Thread 0x0000025f67e74000 1204       1       java.lang.invoke.LambdaForm$MH/1256440269::invoke (155 bytes)
Event: 1.074 Thread 0x0000025f67e74000 nmethod 1204 0x0000025f51657790 code [0x0000025f516579c0, 0x0000025f51657e00]
Event: 1.075 Thread 0x0000025f67e77800 1205       1       java.lang.StringLatin1::regionMatchesCI (92 bytes)
Event: 1.075 Thread 0x0000025f67e83800 nmethod 1198 0x0000025f51658210 code [0x0000025f51658ac0, 0x0000025f5165c410]
Event: 1.076 Thread 0x0000025f67e77800 nmethod 1205 0x0000025f5165ed10 code [0x0000025f5165ef40, 0x0000025f5165f2c0]

GC Heap History (2 events):
Event: 1.064 GC heap before
{Heap before GC invocations=0 (full 0):
 garbage-first heap   total 131072K, used 24576K [0x0000000081a00000, 0x0000000100000000)
  region size 1024K, 24 young (24576K), 0 survivors (0K)
 Metaspace       used 10933K, capacity 11240K, committed 11392K, reserved 1058816K
  class space    used 1235K, capacity 1361K, committed 1408K, reserved 1048576K
}
Event: 1.071 GC heap after
{Heap after GC invocations=1 (full 0):
 garbage-first heap   total 131072K, used 12786K [0x0000000081a00000, 0x0000000100000000)
  region size 1024K, 3 young (3072K), 3 survivors (3072K)
 Metaspace       used 10933K, capacity 11240K, committed 11392K, reserved 1058816K
  class space    used 1235K, capacity 1361K, committed 1408K, reserved 1048576K
}

Deoptimization events (0 events):
No events

Classes redefined (0 events):
No events

Internal exceptions (10 events):
Event: 0.969 Thread 0x0000025f495db800 Exception <a 'java/lang/NoSuchMethodError'{0x0000000088580360}: java.lang.invoke.DirectMethodHandle$Holder.invokeStaticInit(Ljava/lang/Object;Ljava/lang/Object;IIII)Ljava/lang/Object;> (0x0000000088580360) thrown at [t:/workspace/open/src/hotspot/share/in
Event: 0.980 Thread 0x0000025f495db800 Exception <a 'java/lang/ClassNotFoundException'{0x000000008859e800}: javax/management/remote/rmi/RMIServerImpl_Skel> (0x000000008859e800) thrown at [t:/workspace/open/src/hotspot/share/classfile/systemDictionary.cpp, line 233]
Event: 1.002 Thread 0x0000025f495db800 Exception <a 'java/lang/NoSuchMethodError'{0x00000000885f1948}: java.lang.Object.lambda$union$2(Ljava/util/regex/Pattern$CharPredicate;I)Z> (0x00000000885f1948) thrown at [t:/workspace/open/src/hotspot/share/interpreter/linkResolver.cpp, line 741]
Event: 1.005 Thread 0x0000025f495db800 Exception <a 'java/lang/ClassNotFoundException'{0x00000000884044f0}: jdk/internal/agent/resources/spi/agentProvider> (0x00000000884044f0) thrown at [t:/workspace/open/src/hotspot/share/classfile/systemDictionary.cpp, line 233]
Event: 1.012 Thread 0x0000025f495db800 Exception <a 'java/lang/NoSuchMethodError'{0x00000000884663c8}: java.lang.invoke.DirectMethodHandle$Holder.invokeStatic(Ljava/lang/Object;Ljava/lang/Object;Ljava/lang/Object;Ljava/lang/Object;Ljava/lang/Object;Ljava/lang/Object;Ljava/lang/Object;Ljava/lan
Event: 1.013 Thread 0x0000025f495db800 Exception <a 'java/lang/NoSuchMethodError'{0x0000000088474508}: java.lang.invoke.DirectMethodHandle$Holder.invokeStatic(Ljava/lang/Object;Ljava/lang/Object;Ljava/lang/Object;Ljava/lang/Object;Ljava/lang/Object;Ljava/lang/Object;Ljava/lang/Object;Ljava/lan
Event: 1.014 Thread 0x0000025f495db800 Exception <a 'java/lang/NoSuchMethodError'{0x0000000088482c70}: method resolution failed> (0x0000000088482c70) thrown at [t:/workspace/open/src/hotspot/share/prims/methodHandles.cpp, line 1226]
Event: 1.015 Thread 0x0000025f495db800 Exception <a 'java/lang/NoSuchMethodError'{0x0000000088491bd8}: method resolution failed> (0x0000000088491bd8) thrown at [t:/workspace/open/src/hotspot/share/prims/methodHandles.cpp, line 1226]
Event: 1.050 Thread 0x0000025f495db800 Exception <a 'java/lang/NoClassDefFoundError'{0x0000000088220fa0}> (0x0000000088220fa0) thrown at [t:/workspace/open/src/hotspot/share/oops/instanceKlass.cpp, line 840]
Event: 1.054 Thread 0x0000025f495db800 Exception <a 'java/lang/NoSuchMethodError'{0x000000008826a5c8}: java.lang.invoke.DirectMethodHandle$Holder.invokeStaticInit(Ljava/lang/Object;Ljava/lang/Object;Ljava/lang/Object;)V> (0x000000008826a5c8) thrown at [t:/workspace/open/src/hotspot/share/inter

Events (10 events):
Event: 1.073 loading class org/springframework/context/ApplicationContextInitializer
Event: 1.073 loading class org/springframework/context/ApplicationContextInitializer done
Event: 1.073 loading class org/springframework/core/io/support/SpringFactoriesLoader
Event: 1.073 loading class org/springframework/core/io/support/SpringFactoriesLoader done
Event: 1.074 loading class org/springframework/util/ConcurrentReferenceHashMap
Event: 1.074 loading class org/springframework/util/ConcurrentReferenceHashMap done
Event: 1.075 loading class org/springframework/util/ConcurrentReferenceHashMap$ReferenceType
Event: 1.075 loading class org/springframework/util/ConcurrentReferenceHashMap$ReferenceType done
Event: 1.076 loading class org/springframework/util/ConcurrentReferenceHashMap$Segment
Event: 1.076 loading class org/springframework/util/ConcurrentReferenceHashMap$Segment done


Dynamic libraries:
0x00007ff6a02e0000 - 0x00007ff6a031e000 	C:\Program Files\Java\jre-10.0.2\bin\javaw.exe
0x00007ff8ac7b0000 - 0x00007ff8ac991000 	C:\Windows\SYSTEM32\ntdll.dll
0x00007ff8a9c70000 - 0x00007ff8a9d22000 	C:\Windows\System32\KERNEL32.DLL
0x00007ff8a99c0000 - 0x00007ff8a9c33000 	C:\Windows\System32\KERNELBASE.dll
0x00007ff8a9f30000 - 0x00007ff8a9fd1000 	C:\Windows\System32\ADVAPI32.dll
0x00007ff8ab8b0000 - 0x00007ff8ab94e000 	C:\Windows\System32\msvcrt.dll
0x00007ff8ac2d0000 - 0x00007ff8ac32b000 	C:\Windows\System32\sechost.dll
0x00007ff8ac0d0000 - 0x00007ff8ac1f4000 	C:\Windows\System32\RPCRT4.dll
0x00007ff8a9d30000 - 0x00007ff8a9ec0000 	C:\Windows\System32\USER32.dll
0x00007ff8a99a0000 - 0x00007ff8a99c0000 	C:\Windows\System32\win32u.dll
0x00007ff8a9c40000 - 0x00007ff8a9c68000 	C:\Windows\System32\GDI32.dll
0x00007ff8a8e80000 - 0x00007ff8a9012000 	C:\Windows\System32\gdi32full.dll
0x00007ff8a8de0000 - 0x00007ff8a8e7f000 	C:\Windows\System32\msvcp_win.dll
0x00007ff8a8b80000 - 0x00007ff8a8c7a000 	C:\Windows\System32\ucrtbase.dll
0x00007ff8995b0000 - 0x00007ff899819000 	C:\Windows\WinSxS\amd64_microsoft.windows.common-controls_6595b64144ccf1df_6.0.17134.471_none_fb3e9aab3068fc16\COMCTL32.dll
0x00007ff898b10000 - 0x00007ff898b1a000 	C:\Windows\SYSTEM32\VERSION.dll
0x00007ff8ab480000 - 0x00007ff8ab7a2000 	C:\Windows\System32\combase.dll
0x00007ff8a9730000 - 0x00007ff8a97aa000 	C:\Windows\System32\bcryptPrimitives.dll
0x00007ff8ab7b0000 - 0x00007ff8ab7dd000 	C:\Windows\System32\IMM32.DLL
0x00007ff8a4290000 - 0x00007ff8a437f000 	C:\Program Files\Java\jre-10.0.2\bin\msvcr120.dll
0x00007ff8a41e0000 - 0x00007ff8a4286000 	C:\Program Files\Java\jre-10.0.2\bin\msvcp120.dll
0x00000000739a0000 - 0x0000000074410000 	C:\Program Files\Java\jre-10.0.2\bin\server\jvm.dll
0x00007ff8ac2c0000 - 0x00007ff8ac2c8000 	C:\Windows\System32\PSAPI.DLL
0x00007ff898190000 - 0x00007ff898199000 	C:\Windows\SYSTEM32\WSOCK32.dll
0x00007ff89f670000 - 0x00007ff89f693000 	C:\Windows\SYSTEM32\WINMM.dll
0x00007ff8a9ec0000 - 0x00007ff8a9f2c000 	C:\Windows\System32\WS2_32.dll
0x00007ff89f640000 - 0x00007ff89f66a000 	C:\Windows\SYSTEM32\winmmbase.dll
0x00007ff8a8c80000 - 0x00007ff8a8cc9000 	C:\Windows\System32\cfgmgr32.dll
0x00007ff8a6210000 - 0x00007ff8a621f000 	C:\Program Files\Java\jre-10.0.2\bin\verify.dll
0x00007ff8a1b10000 - 0x00007ff8a1cd9000 	C:\Windows\SYSTEM32\DBGHELP.DLL
0x00007ff8a1ae0000 - 0x00007ff8a1b09000 	C:\Windows\SYSTEM32\dbgcore.DLL
0x00007ff8a41b0000 - 0x00007ff8a41d7000 	C:\Program Files\Java\jre-10.0.2\bin\java.dll
0x00007ff8a61c0000 - 0x00007ff8a61d6000 	C:\Program Files\Java\jre-10.0.2\bin\zip.dll
0x00007ff8a41a0000 - 0x00007ff8a41aa000 	C:\Program Files\Java\jre-10.0.2\bin\jimage.dll
0x00007ff8aa040000 - 0x00007ff8ab480000 	C:\Windows\System32\SHELL32.dll
0x00007ff8ab9c0000 - 0x00007ff8aba69000 	C:\Windows\System32\shcore.dll
0x00007ff8a9020000 - 0x00007ff8a972d000 	C:\Windows\System32\windows.storage.dll
0x00007ff8ac5c0000 - 0x00007ff8ac611000 	C:\Windows\System32\shlwapi.dll
0x00007ff8a8b60000 - 0x00007ff8a8b71000 	C:\Windows\System32\kernel.appcore.dll
0x00007ff8a8af0000 - 0x00007ff8a8b0f000 	C:\Windows\System32\profapi.dll
0x00007ff8a8b10000 - 0x00007ff8a8b5c000 	C:\Windows\System32\powrprof.dll
0x00007ff8a8ae0000 - 0x00007ff8a8aea000 	C:\Windows\System32\FLTLIB.DLL
0x00007ff8a3fd0000 - 0x00007ff8a3fea000 	C:\Program Files\Java\jre-10.0.2\bin\net.dll
0x00007ff8a3ff0000 - 0x00007ff8a40cd000 	C:\Windows\SYSTEM32\WINHTTP.dll
0x00007ff8a82e0000 - 0x00007ff8a8346000 	C:\Windows\system32\mswsock.dll
0x00007ff8a3cf0000 - 0x00007ff8a3d01000 	C:\Program Files\Java\jre-10.0.2\bin\nio.dll
0x00007ff8a3c40000 - 0x00007ff8a3c49000 	C:\Program Files\Java\jre-10.0.2\bin\management.dll
0x00007ff8a3a70000 - 0x00007ff8a3a7a000 	C:\Program Files\Java\jre-10.0.2\bin\management_ext.dll
0x00007ff8969a0000 - 0x00007ff8969b6000 	C:\Windows\system32\napinsp.dll
0x00007ff896880000 - 0x00007ff89689a000 	C:\Windows\system32\pnrpnsp.dll
0x00007ff8a37f0000 - 0x00007ff8a3809000 	C:\Windows\system32\NLAapi.dll
0x00007ff8a80a0000 - 0x00007ff8a815e000 	C:\Windows\SYSTEM32\DNSAPI.dll
0x00007ff8ab9b0000 - 0x00007ff8ab9b8000 	C:\Windows\System32\NSI.dll
0x00007ff8a8060000 - 0x00007ff8a8098000 	C:\Windows\SYSTEM32\IPHLPAPI.DLL
0x00007ff896840000 - 0x00007ff89684e000 	C:\Windows\System32\winrnr.dll
0x00007ff8a31d0000 - 0x00007ff8a31e5000 	C:\Windows\System32\wshbth.dll
0x00007ff8a1670000 - 0x00007ff8a167a000 	C:\Windows\System32\rasadhlp.dll
0x00007ff89e790000 - 0x00007ff89e802000 	C:\Windows\System32\fwpuclnt.dll
0x00007ff8a8620000 - 0x00007ff8a8645000 	C:\Windows\SYSTEM32\bcrypt.dll
0x00007ff8a84a0000 - 0x00007ff8a84b7000 	C:\Windows\SYSTEM32\CRYPTSP.dll
0x00007ff8a7ec0000 - 0x00007ff8a7ef3000 	C:\Windows\system32\rsaenh.dll
0x00007ff8a89c0000 - 0x00007ff8a89e8000 	C:\Windows\SYSTEM32\USERENV.dll
0x00007ff8a8490000 - 0x00007ff8a849b000 	C:\Windows\SYSTEM32\CRYPTBASE.dll
0x00007ff8a1a20000 - 0x00007ff8a1a36000 	C:\Windows\SYSTEM32\dhcpcsvc6.DLL
0x00007ff8a2da0000 - 0x00007ff8a2dba000 	C:\Windows\SYSTEM32\dhcpcsvc.DLL

dbghelp: loaded successfully - version: 4.0.5 - missing functions: none
symbol engine: initialized successfully - sym options: 0x614 - pdb path: .;C:\Program Files\Java\jre-10.0.2\bin;C:\Windows\SYSTEM32;C:\Windows\WinSxS\amd64_microsoft.windows.common-controls_6595b64144ccf1df_6.0.17134.471_none_fb3e9aab3068fc16;C:\Program Files\Java\jre-10.0.2\bin\server

VM Arguments:
jvm_args: -Dcom.sun.management.jmxremote -Dcom.sun.management.jmxremote.port=51442 -Dcom.sun.management.jmxremote.authenticate=false -Dcom.sun.management.jmxremote.ssl=false -Djava.rmi.server.hostname=localhost -Dspring.liveBeansView.mbeanDomain -Dspring.application.admin.enabled=true -Xverify:none -XX:TieredStopAtLevel=1 -Dfile.encoding=Cp1252 
java_command: com.mphasis.ams.login.LoginApplication --spring.output.ansi.enabled=always
java_class_path (initial): C:\Users\hamza\OneDrive\Desktop\ams-server\login-service\bin\main;C:\Users\hamza\OneDrive\Desktop\ams-server\login-service\bin\test;C:\Users\hamza\OneDrive\Desktop\ams-server\login-service\build-eclipse;C:\Users\hamza\.gradle\caches\modules-2\files-2.1\com.github.derjust\spring-data-dynamodb\5.0.4\ff91960c4dd0b95bd9fc184b69fb6ecb7dcb30fc\spring-data-dynamodb-5.0.4.jar;C:\Users\hamza\.gradle\caches\modules-2\files-2.1\org.springframework.boot\spring-boot-starter-web\2.0.3.RELEASE\41fd4180bea3813de8f3c602b5a126218360315b\spring-boot-starter-web-2.0.3.RELEASE.jar;C:\Users\hamza\.gradle\caches\modules-2\files-2.1\com.amazonaws\aws-java-sdk\1.11.409\6bd95290eb94342bc921eab008598c752b360b13\aws-java-sdk-1.11.409.jar;C:\Users\hamza\.gradle\caches\modules-2\files-2.1\javax.mail\mail\1.5.0-b01\c128515e42609622ce3f7dc0b431026d80bdb688\mail-1.5.0-b01.jar;C:\Users\hamza\.gradle\caches\modules-2\files-2.1\org.apache.commons\commons-lang3\3.8\222fc4cf714a63f27cbdafdbd863efd0d30c8a1e\commons-lang3-3.8.jar;C:\Users\hamza\.gradle\caches\modules-2\files-2.1\io.springfox\springfox-swagger2\2.9.2\362676bc7f4c6f9f1d568741becab0dfc198c898\springfox-swagger2-2.9.2.jar;C:\Users\hamza\.gradle\caches\modules-2\files-2.1\io.springfox\springfox-swagger-ui\2.9.2\d542382a88ff3ea8d4032c28b2b0325797fada7d\springfox-swagger-ui-2.9.2.jar;C:\Users\hamza\.gradle\caches\modules-2\files-2.1\org.springframework\spring-webmvc\5.0.7.RELEASE\751c871527ec7ff335ffc76f2e737e297c0a8d30\spring-webmvc-5.0.7.RELEASE.jar;C:\Users\hamza\.gradle\caches\modules-2\files-2.1\io.springfox\springfox-swagger-common\2.9.2\b38a41b3044af80cb7f41f67be5d158c9f6491ec\springfox-swagger-common-2.9.2.jar;C:\Users\hamza\.gradle\caches\modules-2\files-2.1\io.springfox\springfox-spring-web\2.9.2\ed2ed714a6cba8804d00f80f0534901e4c7a3211\springfox-spring-web-2.9.2.jar;C:\Users\hamza\.gradle\caches\modules-2\files-2.1\io.springfox\springfox-schema\2.9.2\e268f38774b16bb51a92ccaef0dcf3dc651c0cee\springfox-schem
Launcher Type: SUN_STANDARD

Logging:
Log output configuration:
#0: stdout all=warning uptime,level,tags
#1: stderr all=off uptime,level,tags

Environment Variables:
PATH=C:\Program Files (x86)\Common Files\Oracle\Java\javapath;C:\oraclexe\app\oracle\product\11.2.0\server\bin;C:\Windows\system32;C:\Windows;C:\Windows\System32\Wbem;C:\Windows\System32\WindowsPowerShell\v1.0\;C:\Windows\System32\OpenSSH\;C:\Program Files\Git\cmd;C:\Program Files\Amazon\AWSCLI\bin\;C:\Users\hamza\AppData\Local\Microsoft\WindowsApps;C:\Users\hamza\AppData\Local\GitHubDesktop\bin
USERNAME=hamza
OS=Windows_NT
PROCESSOR_IDENTIFIER=Intel64 Family 6 Model 58 Stepping 9, GenuineIntel



---------------  S Y S T E M  ---------------

OS: Windows 10 , 64 bit Build 17134 (10.0.17134.1)

CPU:total 8 (initial active 8) (4 cores per cpu, 2 threads per core) family 6 model 58 stepping 9, cmov, cx8, fxsr, mmx, sse, sse2, sse3, ssse3, sse4.1, sse4.2, popcnt, avx, aes, clmul, erms, ht, tsc, tscinvbit, tscinv

Memory: 4k page, physical 8278296k(2872072k free), swap 10768664k(2187056k free)

vm_info: Java HotSpot(TM) 64-Bit Server VM (10.0.2+13) for windows-amd64 JRE (10.0.2+13), built on Jun 28 2018 01:57:56 by "mach5one" with MS VC++ 12.0 (VS2013)

END.
