#
# A fatal error has been detected by the Java Runtime Environment:
#
#  EXCEPTION_ACCESS_VIOLATION (0xc0000005) at pc=0x0000000073fc8fc6, pid=2028, tid=13768
#
# JRE version: Java(TM) SE Runtime Environment (10.0.2+13) (build 10.0.2+13)
# Java VM: Java HotSpot(TM) 64-Bit Server VM (10.0.2+13, mixed mode, tiered, compressed oops, g1 gc, windows-amd64)
# Problematic frame:
# V  [jvm.dll+0x628fc6]
#
# No core dump will be written. Minidumps are not enabled by default on client versions of Windows
#
# If you would like to submit a bug report, please visit:
#   http://bugreport.java.com/bugreport/crash.jsp
#

---------------  S U M M A R Y ------------

Command Line: -Dcom.sun.management.jmxremote -Dcom.sun.management.jmxremote.port=51206 -Dcom.sun.management.jmxremote.authenticate=false -Dcom.sun.management.jmxremote.ssl=false -Djava.rmi.server.hostname=localhost -Dspring.liveBeansView.mbeanDomain -Dspring.application.admin.enabled=true -Xverify:none -XX:TieredStopAtLevel=1 -Dfile.encoding=Cp1252 com.mphasis.ams.login.LoginApplication --spring.output.ansi.enabled=always

Host: Intel(R) Core(TM) i7-3632QM CPU @ 2.20GHz, 8 cores, 7G,  Windows 10 , 64 bit Build 17134 (10.0.17134.1)
Time: Tue Dec 11 15:16:47 2018 Eastern Standard Time elapsed time: 1 seconds (0d 0h 0m 1s)

---------------  T H R E A D  ---------------

Current thread (0x000001a691a0c800):  WatcherThread [stack: 0x000000543a400000,0x000000543a500000] [id=13768]

Stack: [0x000000543a400000,0x000000543a500000],  sp=0x000000543a4ff530,  free space=1021k
Native frames: (J=compiled Java code, j=interpreted, Vv=VM code, C=native code)
V  [jvm.dll+0x628fc6]
V  [jvm.dll+0x66834d]
V  [jvm.dll+0x68ad26]
V  [jvm.dll+0x59f4b0]
C  [msvcr120.dll+0x24f7f]
C  [msvcr120.dll+0x25126]
C  [KERNEL32.DLL+0x13034]
C  [ntdll.dll+0x73691]


siginfo: EXCEPTION_ACCESS_VIOLATION (0xc0000005), reading address 0x0000000800000007


Register to memory mapping:

RIP=0x0000000073fc8fc6 jvm.dll
RAX=0x0000000800000007 is an unknown value
RBX=0x0000000000000000 is an unknown value
RCX=0x000001a6919628e0 is an unknown value
RDX=0x0000000000000032 is an unknown value
RSP=0x000000543a4ff530 is an unknown value
RBP=0x0000000000000002 is an unknown value
RSI=0x000001a691a10720 is an unknown value
RDI=0x0000000000000001 is an unknown value
R8 =0x0000000000000000 is an unknown value
R9 =0x00000371691bf05f is an unknown value
R10=0x0000000000000000 is an unknown value
R11=0x0000000000000246 is an unknown value
R12=0x0000000000000000 is an unknown value
R13=0x0000000000000000 is an unknown value
R14=0x0000000000000032 is an unknown value
R15=0x0000000000000000 is an unknown value


Registers:
RAX=0x0000000800000007, RBX=0x0000000000000000, RCX=0x000001a6919628e0, RDX=0x0000000000000032
RSP=0x000000543a4ff530, RBP=0x0000000000000002, RSI=0x000001a691a10720, RDI=0x0000000000000001
R8 =0x0000000000000000, R9 =0x00000371691bf05f, R10=0x0000000000000000, R11=0x0000000000000246
R12=0x0000000000000000, R13=0x0000000000000000, R14=0x0000000000000032, R15=0x0000000000000000
RIP=0x0000000073fc8fc6, EFLAGS=0x0000000000010246

Top of Stack: (sp=0x000000543a4ff530)
0x000000543a4ff530:   0000000000000032 000001a691a0c800
0x000000543a4ff540:   000001a6fe92df70 000000543a4ff9b0
0x000000543a4ff550:   000000007435c238 000000007400834d
0x000000543a4ff560:   000001a6efaca4d0 000001a6efaca4d0
0x000000543a4ff570:   0000000000000000 0000000000000000
0x000000543a4ff580:   0000000000000000 0000000000000000
0x000000543a4ff590:   0000000000000032 000000007402ad26
0x000000543a4ff5a0:   000000543a4ff9b0 000001a6fe92df70
0x000000543a4ff5b0:   000001a691a0c800 0000000000000000
0x000000543a4ff5c0:   0000000000000000 0000000000000000
0x000000543a4ff5d0:   0000000000000000 0000000000000000
0x000000543a4ff5e0:   0000000000000000 0000000000000000
0x000000543a4ff5f0:   0000000000000000 0000000000000000
0x000000543a4ff600:   00000000000075a3 0000000073f3f4b0
0x000000543a4ff610:   000001a691a0c800 000001a6fe92df70
0x000000543a4ff620:   0000000000000000 0000000000000000 

Instructions: (pc=0x0000000073fc8fc6)
0x0000000073fc8fa6:   cc cc cc cc cc cc cc cc cc cc 48 89 5c 24 10 56
0x0000000073fc8fb6:   48 83 ec 20 48 8b 35 d7 e2 38 00 33 db 48 8b 06
0x0000000073fc8fc6:   39 18 7e 27 48 89 7c 24 30 8b fb 48 8b 40 18 48
0x0000000073fc8fd6:   8b 0c 07 48 8b 01 ff 50 08 48 8b 06 ff c3 48 8d 



---------------  P R O C E S S  ---------------

Threads class SMR info:
_java_thread_list=0x000001a691962d80, length=15, elements={
0x000001a6efacc800, 0x000001a6fea81000, 0x000001a6fea82000, 0x000001a6ff2ba000,
0x000001a6ff2c8000, 0x000001a6ff2ce800, 0x000001a6ff2cf800, 0x000001a6ff2d5800,
0x000001a6ff2d6800, 0x000001a6ff2d9000, 0x000001a6ff54b800, 0x000001a6ff54e800,
0x000001a691a13000, 0x000001a691a18000, 0x000001a691a0c000
}

Java Threads: ( => current thread )
  0x000001a6efacc800 JavaThread "main" [_thread_in_native, id=15140, stack(0x0000005438000000,0x0000005438100000)]
  0x000001a6fea81000 JavaThread "Reference Handler" daemon [_thread_blocked, id=9024, stack(0x0000005439600000,0x0000005439700000)]
  0x000001a6fea82000 JavaThread "Finalizer" daemon [_thread_blocked, id=1352, stack(0x0000005439700000,0x0000005439800000)]
  0x000001a6ff2ba000 JavaThread "Signal Dispatcher" daemon [_thread_blocked, id=14100, stack(0x0000005439800000,0x0000005439900000)]
  0x000001a6ff2c8000 JavaThread "Attach Listener" daemon [_thread_blocked, id=14452, stack(0x0000005439900000,0x0000005439a00000)]
  0x000001a6ff2ce800 JavaThread "C1 CompilerThread0" daemon [_thread_blocked, id=8368, stack(0x0000005439a00000,0x0000005439b00000)]
  0x000001a6ff2cf800 JavaThread "C1 CompilerThread1" daemon [_thread_blocked, id=4316, stack(0x0000005439b00000,0x0000005439c00000)]
  0x000001a6ff2d5800 JavaThread "C1 CompilerThread2" daemon [_thread_blocked, id=7532, stack(0x0000005439c00000,0x0000005439d00000)]
  0x000001a6ff2d6800 JavaThread "C1 CompilerThread3" daemon [_thread_blocked, id=1880, stack(0x0000005439d00000,0x0000005439e00000)]
  0x000001a6ff2d9000 JavaThread "Sweeper thread" daemon [_thread_blocked, id=5644, stack(0x0000005439e00000,0x0000005439f00000)]
  0x000001a6ff54b800 JavaThread "Service Thread" daemon [_thread_blocked, id=856, stack(0x0000005439f00000,0x000000543a000000)]
  0x000001a6ff54e800 JavaThread "Common-Cleaner" daemon [_thread_blocked, id=15028, stack(0x000000543a000000,0x000000543a100000)]
  0x000001a691a13000 JavaThread "RMI TCP Accept-0" daemon [_thread_in_native, id=12256, stack(0x000000543a100000,0x000000543a200000)]
  0x000001a691a18000 JavaThread "RMI TCP Accept-51206" daemon [_thread_in_native, id=14924, stack(0x000000543a200000,0x000000543a300000)]
  0x000001a691a0c000 JavaThread "RMI TCP Accept-0" daemon [_thread_in_native, id=12808, stack(0x000000543a300000,0x000000543a400000)]

Other Threads:
  0x000001a6feaad800 VMThread "VM Thread" [stack: 0x0000005439500000,0x0000005439600000] [id=12356]
=>0x000001a691a0c800 WatcherThread [stack: 0x000000543a400000,0x000000543a500000] [id=13768]
  0x000001a6efae5000 GCTaskThread "GC Thread#0" [stack: 0x0000005438100000,0x0000005438200000] [id=6872]
  0x000001a6efae7800 GCTaskThread "GC Thread#1" [stack: 0x0000005438200000,0x0000005438300000] [id=9640]
  0x000001a6efaeb800 GCTaskThread "GC Thread#2" [stack: 0x0000005438300000,0x0000005438400000] [id=5312]
  0x000001a6efaee800 GCTaskThread "GC Thread#3" [stack: 0x0000005438400000,0x0000005438500000] [id=10460]
  0x000001a6efaf4000 GCTaskThread "GC Thread#4" [stack: 0x0000005438500000,0x0000005438600000] [id=14664]
  0x000001a6efaf6000 GCTaskThread "GC Thread#5" [stack: 0x0000005438600000,0x0000005438700000] [id=8148]
  0x000001a6efaf9800 GCTaskThread "GC Thread#6" [stack: 0x0000005438700000,0x0000005438800000] [id=6724]
  0x000001a6efafb800 GCTaskThread "GC Thread#7" [stack: 0x0000005438800000,0x0000005438900000] [id=5928]
  0x000001a6efb6e000 ConcurrentGCThread "G1 Main Marker" [stack: 0x0000005438900000,0x0000005438a00000] [id=11656]
  0x000001a6efb6f000 ConcurrentGCThread "G1 Conc#0" [stack: 0x0000005438a00000,0x0000005438b00000] [id=6504]
  0x000001a6efb70000 ConcurrentGCThread "G1 Conc#1" [stack: 0x0000005438b00000,0x0000005438c00000] [id=3480]
  0x000001a6fe911000 ConcurrentGCThread "G1 Refine#0" [stack: 0x0000005438c00000,0x0000005438d00000] [id=8360]
  0x000001a6fe912000 ConcurrentGCThread "G1 Refine#1" [stack: 0x0000005438d00000,0x0000005438e00000] [id=9996]
  0x000001a6fe913000 ConcurrentGCThread "G1 Refine#2" [stack: 0x0000005438e00000,0x0000005438f00000] [id=14488]
  0x000001a6fe91b800 ConcurrentGCThread "G1 Refine#3" [stack: 0x0000005438f00000,0x0000005439000000] [id=10868]
  0x000001a6fe921000 ConcurrentGCThread "G1 Refine#4" [stack: 0x0000005439000000,0x0000005439100000] [id=8380]
  0x000001a6fe922000 ConcurrentGCThread "G1 Refine#5" [stack: 0x0000005439100000,0x0000005439200000] [id=5452]
  0x000001a6fe934800 ConcurrentGCThread "G1 Refine#6" [stack: 0x0000005439200000,0x0000005439300000] [id=988]
  0x000001a6fe93b000 ConcurrentGCThread "G1 Refine#7" [stack: 0x0000005439300000,0x0000005439400000] [id=12184]
  0x000001a6fe93e800 ConcurrentGCThread "G1 Young RemSet Sampling" [stack: 0x0000005439400000,0x0000005439500000] [id=2924]

Threads with active compile tasks:
C1 CompilerThread31349   !   1       java.util.zip.ZipFile::getInputStream (328 bytes)

VM state:not at safepoint (normal execution)

VM Mutex/Monitor currently owned by a thread:  ([mutex/lock_event])
[0x000001a6efaca4d0] PeriodicTask_lock - owner thread: 0x000001a691a0c800

Heap address: 0x0000000081a00000, size: 2022 MB, Compressed Oops mode: 32-bit
Narrow klass base: 0x0000000000000000, Narrow klass shift: 3
Compressed class space size: 1073741824 Address: 0x0000000100000000

Heap:
 garbage-first heap   total 131072K, used 20413K [0x0000000081a00000, 0x0000000100000000)
  region size 1024K, 11 young (11264K), 3 survivors (3072K)
 Metaspace       used 11754K, capacity 12033K, committed 12288K, reserved 1060864K
  class space    used 1336K, capacity 1478K, committed 1536K, reserved 1048576K
Heap Regions: E=young(eden), S=young(survivor), O=old, HS=humongous(starts), HC=humongous(continues), CS=collection set, F=free, A=archive, TS=gc time stamp, AC=allocation context, TAMS=top-at-mark-start (previous, next)
|   0|0x0000000081a00000, 0x0000000081b00000, 0x0000000081b00000|100%| O|  |TS  1|AC  0|TAMS 0x0000000081a00000, 0x0000000081a00000|
|   1|0x0000000081b00000, 0x0000000081c00000, 0x0000000081c00000|100%| O|  |TS  1|AC  0|TAMS 0x0000000081b00000, 0x0000000081b00000|
|   2|0x0000000081c00000, 0x0000000081d00000, 0x0000000081d00000|100%| O|  |TS  1|AC  0|TAMS 0x0000000081c00000, 0x0000000081c00000|
|   3|0x0000000081d00000, 0x0000000081e00000, 0x0000000081e00000|100%| O|  |TS  1|AC  0|TAMS 0x0000000081d00000, 0x0000000081d00000|
|   4|0x0000000081e00000, 0x0000000081f00000, 0x0000000081f00000|100%| O|  |TS  1|AC  0|TAMS 0x0000000081e00000, 0x0000000081e00000|
|   5|0x0000000081f00000, 0x0000000082000000, 0x0000000082000000|100%| O|  |TS  1|AC  0|TAMS 0x0000000081f00000, 0x0000000081f00000|
|   6|0x0000000082000000, 0x0000000082100000, 0x0000000082100000|100%| O|  |TS  1|AC  0|TAMS 0x0000000082000000, 0x0000000082000000|
|   7|0x0000000082100000, 0x0000000082200000, 0x0000000082200000|100%| O|  |TS  1|AC  0|TAMS 0x0000000082100000, 0x0000000082100000|
|   8|0x0000000082200000, 0x0000000082300000, 0x0000000082300000|100%| O|  |TS  1|AC  0|TAMS 0x0000000082200000, 0x0000000082200000|
|   9|0x0000000082300000, 0x00000000823ef400, 0x0000000082400000| 93%| O|  |TS  1|AC  0|TAMS 0x0000000082300000, 0x0000000082300000|
|  10|0x0000000082400000, 0x0000000082400000, 0x0000000082500000|  0%| F|  |TS  0|AC  0|TAMS 0x0000000082400000, 0x0000000082400000|
|  11|0x0000000082500000, 0x0000000082500000, 0x0000000082600000|  0%| F|  |TS  0|AC  0|TAMS 0x0000000082500000, 0x0000000082500000|
|  12|0x0000000082600000, 0x0000000082600000, 0x0000000082700000|  0%| F|  |TS  0|AC  0|TAMS 0x0000000082600000, 0x0000000082600000|
|  13|0x0000000082700000, 0x0000000082700000, 0x0000000082800000|  0%| F|  |TS  0|AC  0|TAMS 0x0000000082700000, 0x0000000082700000|
|  14|0x0000000082800000, 0x0000000082800000, 0x0000000082900000|  0%| F|  |TS  0|AC  0|TAMS 0x0000000082800000, 0x0000000082800000|
|  15|0x0000000082900000, 0x0000000082900000, 0x0000000082a00000|  0%| F|  |TS  0|AC  0|TAMS 0x0000000082900000, 0x0000000082900000|
|  16|0x0000000082a00000, 0x0000000082a00000, 0x0000000082b00000|  0%| F|  |TS  0|AC  0|TAMS 0x0000000082a00000, 0x0000000082a00000|
|  17|0x0000000082b00000, 0x0000000082b00000, 0x0000000082c00000|  0%| F|  |TS  0|AC  0|TAMS 0x0000000082b00000, 0x0000000082b00000|
|  18|0x0000000082c00000, 0x0000000082c00000, 0x0000000082d00000|  0%| F|  |TS  0|AC  0|TAMS 0x0000000082c00000, 0x0000000082c00000|
|  19|0x0000000082d00000, 0x0000000082d00000, 0x0000000082e00000|  0%| F|  |TS  0|AC  0|TAMS 0x0000000082d00000, 0x0000000082d00000|
|  20|0x0000000082e00000, 0x0000000082e00000, 0x0000000082f00000|  0%| F|  |TS  0|AC  0|TAMS 0x0000000082e00000, 0x0000000082e00000|
|  21|0x0000000082f00000, 0x0000000082f00000, 0x0000000083000000|  0%| F|  |TS  0|AC  0|TAMS 0x0000000082f00000, 0x0000000082f00000|
|  22|0x0000000083000000, 0x0000000083000000, 0x0000000083100000|  0%| F|  |TS  0|AC  0|TAMS 0x0000000083000000, 0x0000000083000000|
|  23|0x0000000083100000, 0x0000000083100000, 0x0000000083200000|  0%| F|  |TS  0|AC  0|TAMS 0x0000000083100000, 0x0000000083100000|
|  24|0x0000000083200000, 0x0000000083200000, 0x0000000083300000|  0%| F|  |TS  0|AC  0|TAMS 0x0000000083200000, 0x0000000083200000|
|  25|0x0000000083300000, 0x0000000083300000, 0x0000000083400000|  0%| F|  |TS  0|AC  0|TAMS 0x0000000083300000, 0x0000000083300000|
|  26|0x0000000083400000, 0x0000000083400000, 0x0000000083500000|  0%| F|  |TS  0|AC  0|TAMS 0x0000000083400000, 0x0000000083400000|
|  27|0x0000000083500000, 0x0000000083500000, 0x0000000083600000|  0%| F|  |TS  0|AC  0|TAMS 0x0000000083500000, 0x0000000083500000|
|  28|0x0000000083600000, 0x0000000083600000, 0x0000000083700000|  0%| F|  |TS  0|AC  0|TAMS 0x0000000083600000, 0x0000000083600000|
|  29|0x0000000083700000, 0x0000000083700000, 0x0000000083800000|  0%| F|  |TS  0|AC  0|TAMS 0x0000000083700000, 0x0000000083700000|
|  30|0x0000000083800000, 0x0000000083800000, 0x0000000083900000|  0%| F|  |TS  0|AC  0|TAMS 0x0000000083800000, 0x0000000083800000|
|  31|0x0000000083900000, 0x0000000083900000, 0x0000000083a00000|  0%| F|  |TS  0|AC  0|TAMS 0x0000000083900000, 0x0000000083900000|
|  32|0x0000000083a00000, 0x0000000083a00000, 0x0000000083b00000|  0%| F|  |TS  0|AC  0|TAMS 0x0000000083a00000, 0x0000000083a00000|
|  33|0x0000000083b00000, 0x0000000083b00000, 0x0000000083c00000|  0%| F|  |TS  0|AC  0|TAMS 0x0000000083b00000, 0x0000000083b00000|
|  34|0x0000000083c00000, 0x0000000083c00000, 0x0000000083d00000|  0%| F|  |TS  0|AC  0|TAMS 0x0000000083c00000, 0x0000000083c00000|
|  35|0x0000000083d00000, 0x0000000083d00000, 0x0000000083e00000|  0%| F|  |TS  0|AC  0|TAMS 0x0000000083d00000, 0x0000000083d00000|
|  36|0x0000000083e00000, 0x0000000083e00000, 0x0000000083f00000|  0%| F|  |TS  0|AC  0|TAMS 0x0000000083e00000, 0x0000000083e00000|
|  37|0x0000000083f00000, 0x0000000083f00000, 0x0000000084000000|  0%| F|  |TS  0|AC  0|TAMS 0x0000000083f00000, 0x0000000083f00000|
|  38|0x0000000084000000, 0x0000000084000000, 0x0000000084100000|  0%| F|  |TS  0|AC  0|TAMS 0x0000000084000000, 0x0000000084000000|
|  39|0x0000000084100000, 0x0000000084100000, 0x0000000084200000|  0%| F|  |TS  0|AC  0|TAMS 0x0000000084100000, 0x0000000084100000|
|  40|0x0000000084200000, 0x0000000084200000, 0x0000000084300000|  0%| F|  |TS  0|AC  0|TAMS 0x0000000084200000, 0x0000000084200000|
|  41|0x0000000084300000, 0x0000000084300000, 0x0000000084400000|  0%| F|  |TS  0|AC  0|TAMS 0x0000000084300000, 0x0000000084300000|
|  42|0x0000000084400000, 0x0000000084400000, 0x0000000084500000|  0%| F|  |TS  0|AC  0|TAMS 0x0000000084400000, 0x0000000084400000|
|  43|0x0000000084500000, 0x0000000084500000, 0x0000000084600000|  0%| F|  |TS  0|AC  0|TAMS 0x0000000084500000, 0x0000000084500000|
|  44|0x0000000084600000, 0x0000000084600000, 0x0000000084700000|  0%| F|  |TS  0|AC  0|TAMS 0x0000000084600000, 0x0000000084600000|
|  45|0x0000000084700000, 0x0000000084700000, 0x0000000084800000|  0%| F|  |TS  0|AC  0|TAMS 0x0000000084700000, 0x0000000084700000|
|  46|0x0000000084800000, 0x0000000084800000, 0x0000000084900000|  0%| F|  |TS  0|AC  0|TAMS 0x0000000084800000, 0x0000000084800000|
|  47|0x0000000084900000, 0x0000000084900000, 0x0000000084a00000|  0%| F|  |TS  0|AC  0|TAMS 0x0000000084900000, 0x0000000084900000|
|  48|0x0000000084a00000, 0x0000000084a00000, 0x0000000084b00000|  0%| F|  |TS  0|AC  0|TAMS 0x0000000084a00000, 0x0000000084a00000|
|  49|0x0000000084b00000, 0x0000000084b00000, 0x0000000084c00000|  0%| F|  |TS  0|AC  0|TAMS 0x0000000084b00000, 0x0000000084b00000|
|  50|0x0000000084c00000, 0x0000000084c00000, 0x0000000084d00000|  0%| F|  |TS  0|AC  0|TAMS 0x0000000084c00000, 0x0000000084c00000|
|  51|0x0000000084d00000, 0x0000000084d00000, 0x0000000084e00000|  0%| F|  |TS  0|AC  0|TAMS 0x0000000084d00000, 0x0000000084d00000|
|  52|0x0000000084e00000, 0x0000000084e00000, 0x0000000084f00000|  0%| F|  |TS  0|AC  0|TAMS 0x0000000084e00000, 0x0000000084e00000|
|  53|0x0000000084f00000, 0x0000000084f00000, 0x0000000085000000|  0%| F|  |TS  0|AC  0|TAMS 0x0000000084f00000, 0x0000000084f00000|
|  54|0x0000000085000000, 0x0000000085000000, 0x0000000085100000|  0%| F|  |TS  0|AC  0|TAMS 0x0000000085000000, 0x0000000085000000|
|  55|0x0000000085100000, 0x0000000085100000, 0x0000000085200000|  0%| F|  |TS  0|AC  0|TAMS 0x0000000085100000, 0x0000000085100000|
|  56|0x0000000085200000, 0x0000000085200000, 0x0000000085300000|  0%| F|  |TS  0|AC  0|TAMS 0x0000000085200000, 0x0000000085200000|
|  57|0x0000000085300000, 0x0000000085300000, 0x0000000085400000|  0%| F|  |TS  0|AC  0|TAMS 0x0000000085300000, 0x0000000085300000|
|  58|0x0000000085400000, 0x0000000085400000, 0x0000000085500000|  0%| F|  |TS  0|AC  0|TAMS 0x0000000085400000, 0x0000000085400000|
|  59|0x0000000085500000, 0x0000000085500000, 0x0000000085600000|  0%| F|  |TS  0|AC  0|TAMS 0x0000000085500000, 0x0000000085500000|
|  60|0x0000000085600000, 0x0000000085600000, 0x0000000085700000|  0%| F|  |TS  0|AC  0|TAMS 0x0000000085600000, 0x0000000085600000|
|  61|0x0000000085700000, 0x0000000085700000, 0x0000000085800000|  0%| F|  |TS  0|AC  0|TAMS 0x0000000085700000, 0x0000000085700000|
|  62|0x0000000085800000, 0x0000000085800000, 0x0000000085900000|  0%| F|  |TS  0|AC  0|TAMS 0x0000000085800000, 0x0000000085800000|
|  63|0x0000000085900000, 0x0000000085900000, 0x0000000085a00000|  0%| F|  |TS  0|AC  0|TAMS 0x0000000085900000, 0x0000000085900000|
|  64|0x0000000085a00000, 0x0000000085a00000, 0x0000000085b00000|  0%| F|  |TS  0|AC  0|TAMS 0x0000000085a00000, 0x0000000085a00000|
|  65|0x0000000085b00000, 0x0000000085b00000, 0x0000000085c00000|  0%| F|  |TS  0|AC  0|TAMS 0x0000000085b00000, 0x0000000085b00000|
|  66|0x0000000085c00000, 0x0000000085c00000, 0x0000000085d00000|  0%| F|  |TS  0|AC  0|TAMS 0x0000000085c00000, 0x0000000085c00000|
|  67|0x0000000085d00000, 0x0000000085d00000, 0x0000000085e00000|  0%| F|  |TS  0|AC  0|TAMS 0x0000000085d00000, 0x0000000085d00000|
|  68|0x0000000085e00000, 0x0000000085e00000, 0x0000000085f00000|  0%| F|  |TS  0|AC  0|TAMS 0x0000000085e00000, 0x0000000085e00000|
|  69|0x0000000085f00000, 0x0000000085f00000, 0x0000000086000000|  0%| F|  |TS  0|AC  0|TAMS 0x0000000085f00000, 0x0000000085f00000|
|  70|0x0000000086000000, 0x0000000086000000, 0x0000000086100000|  0%| F|  |TS  0|AC  0|TAMS 0x0000000086000000, 0x0000000086000000|
|  71|0x0000000086100000, 0x0000000086100000, 0x0000000086200000|  0%| F|  |TS  0|AC  0|TAMS 0x0000000086100000, 0x0000000086100000|
|  72|0x0000000086200000, 0x0000000086200000, 0x0000000086300000|  0%| F|  |TS  0|AC  0|TAMS 0x0000000086200000, 0x0000000086200000|
|  73|0x0000000086300000, 0x0000000086300000, 0x0000000086400000|  0%| F|  |TS  0|AC  0|TAMS 0x0000000086300000, 0x0000000086300000|
|  74|0x0000000086400000, 0x0000000086400000, 0x0000000086500000|  0%| F|  |TS  0|AC  0|TAMS 0x0000000086400000, 0x0000000086400000|
|  75|0x0000000086500000, 0x0000000086500000, 0x0000000086600000|  0%| F|  |TS  0|AC  0|TAMS 0x0000000086500000, 0x0000000086500000|
|  76|0x0000000086600000, 0x0000000086600000, 0x0000000086700000|  0%| F|  |TS  0|AC  0|TAMS 0x0000000086600000, 0x0000000086600000|
|  77|0x0000000086700000, 0x0000000086700000, 0x0000000086800000|  0%| F|  |TS  0|AC  0|TAMS 0x0000000086700000, 0x0000000086700000|
|  78|0x0000000086800000, 0x0000000086800000, 0x0000000086900000|  0%| F|  |TS  0|AC  0|TAMS 0x0000000086800000, 0x0000000086800000|
|  79|0x0000000086900000, 0x0000000086900000, 0x0000000086a00000|  0%| F|  |TS  0|AC  0|TAMS 0x0000000086900000, 0x0000000086900000|
|  80|0x0000000086a00000, 0x0000000086a00000, 0x0000000086b00000|  0%| F|  |TS  0|AC  0|TAMS 0x0000000086a00000, 0x0000000086a00000|
|  81|0x0000000086b00000, 0x0000000086b00000, 0x0000000086c00000|  0%| F|  |TS  0|AC  0|TAMS 0x0000000086b00000, 0x0000000086b00000|
|  82|0x0000000086c00000, 0x0000000086c00000, 0x0000000086d00000|  0%| F|  |TS  0|AC  0|TAMS 0x0000000086c00000, 0x0000000086c00000|
|  83|0x0000000086d00000, 0x0000000086d00000, 0x0000000086e00000|  0%| F|  |TS  0|AC  0|TAMS 0x0000000086d00000, 0x0000000086d00000|
|  84|0x0000000086e00000, 0x0000000086e00000, 0x0000000086f00000|  0%| F|  |TS  0|AC  0|TAMS 0x0000000086e00000, 0x0000000086e00000|
|  85|0x0000000086f00000, 0x0000000086f00000, 0x0000000087000000|  0%| F|  |TS  0|AC  0|TAMS 0x0000000086f00000, 0x0000000086f00000|
|  86|0x0000000087000000, 0x0000000087000000, 0x0000000087100000|  0%| F|  |TS  0|AC  0|TAMS 0x0000000087000000, 0x0000000087000000|
|  87|0x0000000087100000, 0x0000000087100000, 0x0000000087200000|  0%| F|  |TS  0|AC  0|TAMS 0x0000000087100000, 0x0000000087100000|
|  88|0x0000000087200000, 0x0000000087200000, 0x0000000087300000|  0%| F|  |TS  0|AC  0|TAMS 0x0000000087200000, 0x0000000087200000|
|  89|0x0000000087300000, 0x0000000087300000, 0x0000000087400000|  0%| F|  |TS  0|AC  0|TAMS 0x0000000087300000, 0x0000000087300000|
|  90|0x0000000087400000, 0x0000000087400000, 0x0000000087500000|  0%| F|  |TS  0|AC  0|TAMS 0x0000000087400000, 0x0000000087400000|
|  91|0x0000000087500000, 0x0000000087500000, 0x0000000087600000|  0%| F|  |TS  0|AC  0|TAMS 0x0000000087500000, 0x0000000087500000|
|  92|0x0000000087600000, 0x0000000087600000, 0x0000000087700000|  0%| F|  |TS  0|AC  0|TAMS 0x0000000087600000, 0x0000000087600000|
|  93|0x0000000087700000, 0x0000000087700000, 0x0000000087800000|  0%| F|  |TS  0|AC  0|TAMS 0x0000000087700000, 0x0000000087700000|
|  94|0x0000000087800000, 0x0000000087800000, 0x0000000087900000|  0%| F|  |TS  0|AC  0|TAMS 0x0000000087800000, 0x0000000087800000|
|  95|0x0000000087900000, 0x0000000087900000, 0x0000000087a00000|  0%| F|  |TS  0|AC  0|TAMS 0x0000000087900000, 0x0000000087900000|
|  96|0x0000000087a00000, 0x0000000087a00000, 0x0000000087b00000|  0%| F|  |TS  0|AC  0|TAMS 0x0000000087a00000, 0x0000000087a00000|
|  97|0x0000000087b00000, 0x0000000087b00000, 0x0000000087c00000|  0%| F|  |TS  0|AC  0|TAMS 0x0000000087b00000, 0x0000000087b00000|
|  98|0x0000000087c00000, 0x0000000087c00000, 0x0000000087d00000|  0%| F|  |TS  0|AC  0|TAMS 0x0000000087c00000, 0x0000000087c00000|
|  99|0x0000000087d00000, 0x0000000087d00000, 0x0000000087e00000|  0%| F|  |TS  0|AC  0|TAMS 0x0000000087d00000, 0x0000000087d00000|
| 100|0x0000000087e00000, 0x0000000087e00000, 0x0000000087f00000|  0%| F|  |TS  0|AC  0|TAMS 0x0000000087e00000, 0x0000000087e00000|
| 101|0x0000000087f00000, 0x0000000088000000, 0x0000000088000000|100%| S|CS|TS  1|AC  0|TAMS 0x0000000087f00000, 0x0000000087f00000|
| 102|0x0000000088000000, 0x0000000088100000, 0x0000000088100000|100%| S|CS|TS  1|AC  0|TAMS 0x0000000088000000, 0x0000000088000000|
| 103|0x0000000088100000, 0x0000000088200000, 0x0000000088200000|100%| S|CS|TS  1|AC  0|TAMS 0x0000000088100000, 0x0000000088100000|
| 104|0x0000000088200000, 0x0000000088200000, 0x0000000088300000|  0%| F|  |TS  1|AC  0|TAMS 0x0000000088200000, 0x0000000088200000|
| 105|0x0000000088300000, 0x0000000088300000, 0x0000000088400000|  0%| F|  |TS  1|AC  0|TAMS 0x0000000088300000, 0x0000000088300000|
| 106|0x0000000088400000, 0x0000000088400000, 0x0000000088500000|  0%| F|  |TS  1|AC  0|TAMS 0x0000000088400000, 0x0000000088400000|
| 107|0x0000000088500000, 0x0000000088500000, 0x0000000088600000|  0%| F|  |TS  1|AC  0|TAMS 0x0000000088500000, 0x0000000088500000|
| 108|0x0000000088600000, 0x0000000088600000, 0x0000000088700000|  0%| F|  |TS  1|AC  0|TAMS 0x0000000088600000, 0x0000000088600000|
| 109|0x0000000088700000, 0x0000000088700000, 0x0000000088800000|  0%| F|  |TS  1|AC  0|TAMS 0x0000000088700000, 0x0000000088700000|
| 110|0x0000000088800000, 0x0000000088800000, 0x0000000088900000|  0%| F|  |TS  1|AC  0|TAMS 0x0000000088800000, 0x0000000088800000|
| 111|0x0000000088900000, 0x0000000088900000, 0x0000000088a00000|  0%| F|  |TS  1|AC  0|TAMS 0x0000000088900000, 0x0000000088900000|
| 112|0x0000000088a00000, 0x0000000088a00000, 0x0000000088b00000|  0%| F|  |TS  1|AC  0|TAMS 0x0000000088a00000, 0x0000000088a00000|
| 113|0x0000000088b00000, 0x0000000088b00000, 0x0000000088c00000|  0%| F|  |TS  1|AC  0|TAMS 0x0000000088b00000, 0x0000000088b00000|
| 114|0x0000000088c00000, 0x0000000088c00000, 0x0000000088d00000|  0%| F|  |TS  1|AC  0|TAMS 0x0000000088c00000, 0x0000000088c00000|
| 115|0x0000000088d00000, 0x0000000088d00000, 0x0000000088e00000|  0%| F|  |TS  1|AC  0|TAMS 0x0000000088d00000, 0x0000000088d00000|
| 116|0x0000000088e00000, 0x0000000088e00000, 0x0000000088f00000|  0%| F|  |TS  1|AC  0|TAMS 0x0000000088e00000, 0x0000000088e00000|
| 117|0x0000000088f00000, 0x0000000088f00000, 0x0000000089000000|  0%| F|  |TS  1|AC  0|TAMS 0x0000000088f00000, 0x0000000088f00000|
| 118|0x0000000089000000, 0x0000000089000000, 0x0000000089100000|  0%| F|  |TS  1|AC  0|TAMS 0x0000000089000000, 0x0000000089000000|
| 119|0x0000000089100000, 0x0000000089100000, 0x0000000089200000|  0%| F|  |TS  1|AC  0|TAMS 0x0000000089100000, 0x0000000089100000|
| 120|0x0000000089200000, 0x0000000089300000, 0x0000000089300000|100%| E|  |TS  1|AC  0|TAMS 0x0000000089200000, 0x0000000089200000|
| 121|0x0000000089300000, 0x0000000089400000, 0x0000000089400000|100%| E|CS|TS  1|AC  0|TAMS 0x0000000089300000, 0x0000000089300000|
| 122|0x0000000089400000, 0x0000000089500000, 0x0000000089500000|100%| E|CS|TS  1|AC  0|TAMS 0x0000000089400000, 0x0000000089400000|
| 123|0x0000000089500000, 0x0000000089600000, 0x0000000089600000|100%| E|CS|TS  1|AC  0|TAMS 0x0000000089500000, 0x0000000089500000|
| 124|0x0000000089600000, 0x0000000089700000, 0x0000000089700000|100%| E|CS|TS  1|AC  0|TAMS 0x0000000089600000, 0x0000000089600000|
| 125|0x0000000089700000, 0x0000000089800000, 0x0000000089800000|100%| E|CS|TS  1|AC  0|TAMS 0x0000000089700000, 0x0000000089700000|
| 126|0x0000000089800000, 0x0000000089900000, 0x0000000089900000|100%| E|CS|TS  1|AC  0|TAMS 0x0000000089800000, 0x0000000089800000|
| 127|0x0000000089900000, 0x0000000089a00000, 0x0000000089a00000|100%| E|CS|TS  1|AC  0|TAMS 0x0000000089900000, 0x0000000089900000|

Card table byte_map: [0x000001a6f9870000,0x000001a6f9c70000] byte_map_base: 0x000001a6f9463000

Marking Bits (Prev, Next): (CMBitMap*) 0x000001a6efb6d260, (CMBitMap*) 0x000001a6efb6d298
 Prev Bits: [0x000001a6fa070000, 0x000001a6fc008000)
 Next Bits: [0x000001a6fc010000, 0x000001a6fdfa8000)

Polling page: 0x000001a6ef910000

CodeHeap 'non-profiled nmethods': size=238336Kb used=1957Kb max_used=1957Kb free=236378Kb
 bounds [0x000001a680740000, 0x000001a6809b0000, 0x000001a68f000000]
CodeHeap 'non-nmethods': size=7424Kb used=2788Kb max_used=2788Kb free=4636Kb
 bounds [0x000001a680000000, 0x000001a6802c0000, 0x000001a680740000]
 total_blobs=1767 nmethods=1352 adapters=322
 compilation: enabled

Compilation events (10 events):
Event: 1.053 Thread 0x000001a6ff2cf800 nmethod 1204 0x000001a6808e5890 code [0x000001a6808e5a60, 0x000001a6808e5c00]
Event: 1.053 Thread 0x000001a6ff2ce800 1206       1       java.security.ProtectionDomain::getCodeSource (5 bytes)
Event: 1.053 Thread 0x000001a6ff2ce800 nmethod 1206 0x000001a6808e5d10 code [0x000001a6808e5ec0, 0x000001a6808e5fd8]
Event: 1.054 Thread 0x000001a6ff2d6800 nmethod 1203 0x000001a6808e6090 code [0x000001a6808e6340, 0x000001a6808e7270]
Event: 1.058 Thread 0x000001a6ff2cf800 1207       1       java.util.WeakHashMap::remove (133 bytes)
Event: 1.058 Thread 0x000001a6ff2cf800 nmethod 1207 0x000001a6808e7b10 code [0x000001a6808e7d00, 0x000001a6808e8170]
Event: 1.059 Thread 0x000001a6ff2ce800 1208       1       java.lang.invoke.LambdaForm$MH/1256440269::invoke (155 bytes)
Event: 1.067 Thread 0x000001a6ff2ce800 nmethod 1208 0x000001a6808eef10 code [0x000001a6808ef140, 0x000001a6808ef580]
Event: 1.067 Thread 0x000001a6ff2d6800 1210   !   1       java.lang.ref.ReferenceQueue::enqueue (119 bytes)
Event: 1.067 Thread 0x000001a6ff2d5800 nmethod 1205 0x000001a6808e8410 code [0x000001a6808e8cc0, 0x000001a6808ec610]

GC Heap History (2 events):
Event: 1.060 GC heap before
{Heap before GC invocations=0 (full 0):
 garbage-first heap   total 131072K, used 24576K [0x0000000081a00000, 0x0000000100000000)
  region size 1024K, 24 young (24576K), 0 survivors (0K)
 Metaspace       used 10974K, capacity 11240K, committed 11392K, reserved 1058816K
  class space    used 1238K, capacity 1361K, committed 1408K, reserved 1048576K
}
Event: 1.067 GC heap after
{Heap after GC invocations=1 (full 0):
 garbage-first heap   total 131072K, used 13245K [0x0000000081a00000, 0x0000000100000000)
  region size 1024K, 3 young (3072K), 3 survivors (3072K)
 Metaspace       used 10974K, capacity 11240K, committed 11392K, reserved 1058816K
  class space    used 1238K, capacity 1361K, committed 1408K, reserved 1048576K
}

Deoptimization events (0 events):
No events

Classes redefined (0 events):
No events

Internal exceptions (10 events):
Event: 0.962 Thread 0x000001a6efacc800 Exception <a 'java/lang/NoSuchMethodError'{0x00000000886e7440}: java.lang.invoke.DirectMethodHandle$Holder.invokeStaticInit(Ljava/lang/Object;Ljava/lang/Object;IIII)Ljava/lang/Object;> (0x00000000886e7440) thrown at [t:/workspace/open/src/hotspot/share/in
Event: 0.971 Thread 0x000001a6efacc800 Exception <a 'java/lang/ClassNotFoundException'{0x0000000088505fc8}: javax/management/remote/rmi/RMIServerImpl_Skel> (0x0000000088505fc8) thrown at [t:/workspace/open/src/hotspot/share/classfile/systemDictionary.cpp, line 233]
Event: 0.992 Thread 0x000001a6efacc800 Exception <a 'java/lang/NoSuchMethodError'{0x0000000088558d48}: java.lang.Object.lambda$union$2(Ljava/util/regex/Pattern$CharPredicate;I)Z> (0x0000000088558d48) thrown at [t:/workspace/open/src/hotspot/share/interpreter/linkResolver.cpp, line 741]
Event: 0.996 Thread 0x000001a6efacc800 Exception <a 'java/lang/ClassNotFoundException'{0x0000000088561318}: jdk/internal/agent/resources/spi/agentProvider> (0x0000000088561318) thrown at [t:/workspace/open/src/hotspot/share/classfile/systemDictionary.cpp, line 233]
Event: 1.003 Thread 0x000001a6efacc800 Exception <a 'java/lang/NoSuchMethodError'{0x0000000088448338}: java.lang.invoke.DirectMethodHandle$Holder.invokeStatic(Ljava/lang/Object;Ljava/lang/Object;Ljava/lang/Object;Ljava/lang/Object;Ljava/lang/Object;Ljava/lang/Object;Ljava/lang/Object;Ljava/lan
Event: 1.004 Thread 0x000001a6efacc800 Exception <a 'java/lang/NoSuchMethodError'{0x0000000088456478}: java.lang.invoke.DirectMethodHandle$Holder.invokeStatic(Ljava/lang/Object;Ljava/lang/Object;Ljava/lang/Object;Ljava/lang/Object;Ljava/lang/Object;Ljava/lang/Object;Ljava/lang/Object;Ljava/lan
Event: 1.005 Thread 0x000001a6efacc800 Exception <a 'java/lang/NoSuchMethodError'{0x0000000088464990}: method resolution failed> (0x0000000088464990) thrown at [t:/workspace/open/src/hotspot/share/prims/methodHandles.cpp, line 1226]
Event: 1.006 Thread 0x000001a6efacc800 Exception <a 'java/lang/NoSuchMethodError'{0x00000000884738f8}: method resolution failed> (0x00000000884738f8) thrown at [t:/workspace/open/src/hotspot/share/prims/methodHandles.cpp, line 1226]
Event: 1.041 Thread 0x000001a6efacc800 Exception <a 'java/lang/NoClassDefFoundError'{0x0000000088202208}> (0x0000000088202208) thrown at [t:/workspace/open/src/hotspot/share/oops/instanceKlass.cpp, line 840]
Event: 1.046 Thread 0x000001a6efacc800 Exception <a 'java/lang/NoSuchMethodError'{0x000000008824b830}: java.lang.invoke.DirectMethodHandle$Holder.invokeStaticInit(Ljava/lang/Object;Ljava/lang/Object;Ljava/lang/Object;)V> (0x000000008824b830) thrown at [t:/workspace/open/src/hotspot/share/inter

Events (10 events):
Event: 1.058 loading class org/springframework/boot/WebApplicationType
Event: 1.058 loading class org/springframework/boot/WebApplicationType done
Event: 1.058 loading class org/springframework/context/ApplicationContextInitializer
Event: 1.058 loading class org/springframework/context/ApplicationContextInitializer done
Event: 1.058 loading class org/springframework/core/io/support/SpringFactoriesLoader
Event: 1.058 loading class org/springframework/core/io/support/SpringFactoriesLoader done
Event: 1.059 loading class org/springframework/util/ConcurrentReferenceHashMap
Event: 1.059 loading class org/springframework/util/ConcurrentReferenceHashMap done
Event: 1.060 Executing VM operation: G1IncCollectionPause
Event: 1.067 Executing VM operation: G1IncCollectionPause done


Dynamic libraries:
0x00007ff6a02e0000 - 0x00007ff6a031e000 	C:\Program Files\Java\jre-10.0.2\bin\javaw.exe
0x00007ff8ac7b0000 - 0x00007ff8ac991000 	C:\Windows\SYSTEM32\ntdll.dll
0x00007ff8a9c70000 - 0x00007ff8a9d22000 	C:\Windows\System32\KERNEL32.DLL
0x00007ff8a99c0000 - 0x00007ff8a9c33000 	C:\Windows\System32\KERNELBASE.dll
0x00007ff8a9f30000 - 0x00007ff8a9fd1000 	C:\Windows\System32\ADVAPI32.dll
0x00007ff8ab8b0000 - 0x00007ff8ab94e000 	C:\Windows\System32\msvcrt.dll
0x00007ff8ac2d0000 - 0x00007ff8ac32b000 	C:\Windows\System32\sechost.dll
0x00007ff8ac0d0000 - 0x00007ff8ac1f4000 	C:\Windows\System32\RPCRT4.dll
0x00007ff8a9d30000 - 0x00007ff8a9ec0000 	C:\Windows\System32\USER32.dll
0x00007ff8a99a0000 - 0x00007ff8a99c0000 	C:\Windows\System32\win32u.dll
0x00007ff8a9c40000 - 0x00007ff8a9c68000 	C:\Windows\System32\GDI32.dll
0x00007ff8a8e80000 - 0x00007ff8a9012000 	C:\Windows\System32\gdi32full.dll
0x00007ff8a8de0000 - 0x00007ff8a8e7f000 	C:\Windows\System32\msvcp_win.dll
0x00007ff8a8b80000 - 0x00007ff8a8c7a000 	C:\Windows\System32\ucrtbase.dll
0x00007ff8995b0000 - 0x00007ff899819000 	C:\Windows\WinSxS\amd64_microsoft.windows.common-controls_6595b64144ccf1df_6.0.17134.471_none_fb3e9aab3068fc16\COMCTL32.dll
0x00007ff898b10000 - 0x00007ff898b1a000 	C:\Windows\SYSTEM32\VERSION.dll
0x00007ff8ab480000 - 0x00007ff8ab7a2000 	C:\Windows\System32\combase.dll
0x00007ff8a9730000 - 0x00007ff8a97aa000 	C:\Windows\System32\bcryptPrimitives.dll
0x00007ff8ab7b0000 - 0x00007ff8ab7dd000 	C:\Windows\System32\IMM32.DLL
0x00007ff8a4290000 - 0x00007ff8a437f000 	C:\Program Files\Java\jre-10.0.2\bin\msvcr120.dll
0x00007ff8a41e0000 - 0x00007ff8a4286000 	C:\Program Files\Java\jre-10.0.2\bin\msvcp120.dll
0x00000000739a0000 - 0x0000000074410000 	C:\Program Files\Java\jre-10.0.2\bin\server\jvm.dll
0x00007ff8ac2c0000 - 0x00007ff8ac2c8000 	C:\Windows\System32\PSAPI.DLL
0x00007ff89f670000 - 0x00007ff89f693000 	C:\Windows\SYSTEM32\WINMM.dll
0x00007ff898190000 - 0x00007ff898199000 	C:\Windows\SYSTEM32\WSOCK32.dll
0x00007ff8a9ec0000 - 0x00007ff8a9f2c000 	C:\Windows\System32\WS2_32.dll
0x00007ff89f640000 - 0x00007ff89f66a000 	C:\Windows\SYSTEM32\winmmbase.dll
0x00007ff8a8c80000 - 0x00007ff8a8cc9000 	C:\Windows\System32\cfgmgr32.dll
0x00007ff8a6210000 - 0x00007ff8a621f000 	C:\Program Files\Java\jre-10.0.2\bin\verify.dll
0x00007ff8a1b10000 - 0x00007ff8a1cd9000 	C:\Windows\SYSTEM32\DBGHELP.DLL
0x00007ff8a1ae0000 - 0x00007ff8a1b09000 	C:\Windows\SYSTEM32\dbgcore.DLL
0x00007ff8a41b0000 - 0x00007ff8a41d7000 	C:\Program Files\Java\jre-10.0.2\bin\java.dll
0x00007ff8a61c0000 - 0x00007ff8a61d6000 	C:\Program Files\Java\jre-10.0.2\bin\zip.dll
0x00007ff8a41a0000 - 0x00007ff8a41aa000 	C:\Program Files\Java\jre-10.0.2\bin\jimage.dll
0x00007ff8aa040000 - 0x00007ff8ab480000 	C:\Windows\System32\SHELL32.dll
0x00007ff8ab9c0000 - 0x00007ff8aba69000 	C:\Windows\System32\shcore.dll
0x00007ff8a9020000 - 0x00007ff8a972d000 	C:\Windows\System32\windows.storage.dll
0x00007ff8ac5c0000 - 0x00007ff8ac611000 	C:\Windows\System32\shlwapi.dll
0x00007ff8a8b60000 - 0x00007ff8a8b71000 	C:\Windows\System32\kernel.appcore.dll
0x00007ff8a8af0000 - 0x00007ff8a8b0f000 	C:\Windows\System32\profapi.dll
0x00007ff8a8b10000 - 0x00007ff8a8b5c000 	C:\Windows\System32\powrprof.dll
0x00007ff8a8ae0000 - 0x00007ff8a8aea000 	C:\Windows\System32\FLTLIB.DLL
0x00007ff8a3fd0000 - 0x00007ff8a3fea000 	C:\Program Files\Java\jre-10.0.2\bin\net.dll
0x00007ff8a3ff0000 - 0x00007ff8a40cd000 	C:\Windows\SYSTEM32\WINHTTP.dll
0x00007ff8a82e0000 - 0x00007ff8a8346000 	C:\Windows\system32\mswsock.dll
0x00007ff8a3cf0000 - 0x00007ff8a3d01000 	C:\Program Files\Java\jre-10.0.2\bin\nio.dll
0x00007ff8a3c40000 - 0x00007ff8a3c49000 	C:\Program Files\Java\jre-10.0.2\bin\management.dll
0x00007ff8a3a70000 - 0x00007ff8a3a7a000 	C:\Program Files\Java\jre-10.0.2\bin\management_ext.dll
0x00007ff8969a0000 - 0x00007ff8969b6000 	C:\Windows\system32\napinsp.dll
0x00007ff896880000 - 0x00007ff89689a000 	C:\Windows\system32\pnrpnsp.dll
0x00007ff8a37f0000 - 0x00007ff8a3809000 	C:\Windows\system32\NLAapi.dll
0x00007ff8a80a0000 - 0x00007ff8a815e000 	C:\Windows\SYSTEM32\DNSAPI.dll
0x00007ff8ab9b0000 - 0x00007ff8ab9b8000 	C:\Windows\System32\NSI.dll
0x00007ff8a8060000 - 0x00007ff8a8098000 	C:\Windows\SYSTEM32\IPHLPAPI.DLL
0x00007ff896840000 - 0x00007ff89684e000 	C:\Windows\System32\winrnr.dll
0x00007ff8a31d0000 - 0x00007ff8a31e5000 	C:\Windows\System32\wshbth.dll
0x00007ff8a1670000 - 0x00007ff8a167a000 	C:\Windows\System32\rasadhlp.dll
0x00007ff89e790000 - 0x00007ff89e802000 	C:\Windows\System32\fwpuclnt.dll
0x00007ff8a8620000 - 0x00007ff8a8645000 	C:\Windows\SYSTEM32\bcrypt.dll
0x00007ff8a84a0000 - 0x00007ff8a84b7000 	C:\Windows\SYSTEM32\CRYPTSP.dll
0x00007ff8a7ec0000 - 0x00007ff8a7ef3000 	C:\Windows\system32\rsaenh.dll
0x00007ff8a89c0000 - 0x00007ff8a89e8000 	C:\Windows\SYSTEM32\USERENV.dll
0x00007ff8a8490000 - 0x00007ff8a849b000 	C:\Windows\SYSTEM32\CRYPTBASE.dll
0x00007ff8a1a20000 - 0x00007ff8a1a36000 	C:\Windows\SYSTEM32\dhcpcsvc6.DLL
0x00007ff8a2da0000 - 0x00007ff8a2dba000 	C:\Windows\SYSTEM32\dhcpcsvc.DLL

dbghelp: loaded successfully - version: 4.0.5 - missing functions: none
symbol engine: initialized successfully - sym options: 0x614 - pdb path: .;C:\Program Files\Java\jre-10.0.2\bin;C:\Windows\SYSTEM32;C:\Windows\WinSxS\amd64_microsoft.windows.common-controls_6595b64144ccf1df_6.0.17134.471_none_fb3e9aab3068fc16;C:\Program Files\Java\jre-10.0.2\bin\server

VM Arguments:
jvm_args: -Dcom.sun.management.jmxremote -Dcom.sun.management.jmxremote.port=51206 -Dcom.sun.management.jmxremote.authenticate=false -Dcom.sun.management.jmxremote.ssl=false -Djava.rmi.server.hostname=localhost -Dspring.liveBeansView.mbeanDomain -Dspring.application.admin.enabled=true -Xverify:none -XX:TieredStopAtLevel=1 -Dfile.encoding=Cp1252 
java_command: com.mphasis.ams.login.LoginApplication --spring.output.ansi.enabled=always
java_class_path (initial): C:\Users\hamza\OneDrive\Desktop\ams-server\login-service\bin\main;C:\Users\hamza\OneDrive\Desktop\ams-server\login-service\bin\test;C:\Users\hamza\OneDrive\Desktop\ams-server\login-service\build-eclipse;C:\Users\hamza\.gradle\caches\modules-2\files-2.1\com.github.derjust\spring-data-dynamodb\5.0.4\ff91960c4dd0b95bd9fc184b69fb6ecb7dcb30fc\spring-data-dynamodb-5.0.4.jar;C:\Users\hamza\.gradle\caches\modules-2\files-2.1\org.springframework.boot\spring-boot-starter-web\2.0.3.RELEASE\41fd4180bea3813de8f3c602b5a126218360315b\spring-boot-starter-web-2.0.3.RELEASE.jar;C:\Users\hamza\.gradle\caches\modules-2\files-2.1\com.amazonaws\aws-java-sdk\1.11.409\6bd95290eb94342bc921eab008598c752b360b13\aws-java-sdk-1.11.409.jar;C:\Users\hamza\.gradle\caches\modules-2\files-2.1\javax.mail\mail\1.5.0-b01\c128515e42609622ce3f7dc0b431026d80bdb688\mail-1.5.0-b01.jar;C:\Users\hamza\.gradle\caches\modules-2\files-2.1\org.apache.commons\commons-lang3\3.8\222fc4cf714a63f27cbdafdbd863efd0d30c8a1e\commons-lang3-3.8.jar;C:\Users\hamza\.gradle\caches\modules-2\files-2.1\io.springfox\springfox-swagger2\2.9.2\362676bc7f4c6f9f1d568741becab0dfc198c898\springfox-swagger2-2.9.2.jar;C:\Users\hamza\.gradle\caches\modules-2\files-2.1\io.springfox\springfox-swagger-ui\2.9.2\d542382a88ff3ea8d4032c28b2b0325797fada7d\springfox-swagger-ui-2.9.2.jar;C:\Users\hamza\.gradle\caches\modules-2\files-2.1\org.springframework\spring-webmvc\5.0.7.RELEASE\751c871527ec7ff335ffc76f2e737e297c0a8d30\spring-webmvc-5.0.7.RELEASE.jar;C:\Users\hamza\.gradle\caches\modules-2\files-2.1\io.springfox\springfox-swagger-common\2.9.2\b38a41b3044af80cb7f41f67be5d158c9f6491ec\springfox-swagger-common-2.9.2.jar;C:\Users\hamza\.gradle\caches\modules-2\files-2.1\io.springfox\springfox-spring-web\2.9.2\ed2ed714a6cba8804d00f80f0534901e4c7a3211\springfox-spring-web-2.9.2.jar;C:\Users\hamza\.gradle\caches\modules-2\files-2.1\io.springfox\springfox-schema\2.9.2\e268f38774b16bb51a92ccaef0dcf3dc651c0cee\springfox-schem
Launcher Type: SUN_STANDARD

Logging:
Log output configuration:
#0: stdout all=warning uptime,level,tags
#1: stderr all=off uptime,level,tags

Environment Variables:
PATH=C:\Program Files (x86)\Common Files\Oracle\Java\javapath;C:\oraclexe\app\oracle\product\11.2.0\server\bin;C:\Windows\system32;C:\Windows;C:\Windows\System32\Wbem;C:\Windows\System32\WindowsPowerShell\v1.0\;C:\Windows\System32\OpenSSH\;C:\Program Files\Git\cmd;C:\Program Files\Amazon\AWSCLI\bin\;C:\Users\hamza\AppData\Local\Microsoft\WindowsApps;C:\Users\hamza\AppData\Local\GitHubDesktop\bin
USERNAME=hamza
OS=Windows_NT
PROCESSOR_IDENTIFIER=Intel64 Family 6 Model 58 Stepping 9, GenuineIntel



---------------  S Y S T E M  ---------------

OS: Windows 10 , 64 bit Build 17134 (10.0.17134.1)

CPU:total 8 (initial active 8) (4 cores per cpu, 2 threads per core) family 6 model 58 stepping 9, cmov, cx8, fxsr, mmx, sse, sse2, sse3, ssse3, sse4.1, sse4.2, popcnt, avx, aes, clmul, erms, ht, tsc, tscinvbit, tscinv

Memory: 4k page, physical 8278296k(2904608k free), swap 10768664k(2312504k free)

vm_info: Java HotSpot(TM) 64-Bit Server VM (10.0.2+13) for windows-amd64 JRE (10.0.2+13), built on Jun 28 2018 01:57:56 by "mach5one" with MS VC++ 12.0 (VS2013)

END.
